

Microchip MPLAB XC8 Assembler V3.10 build 20250813170317 
                                                                                               Thu Jun 25 10:45:37 2026

Microchip MPLAB XC8 C Compiler v3.10 (Free license) build 20250813170317 Og1 
     1                           	processor	18F4550
     2                           	fnconf	rparam,??,?,0
     3                           	pagewidth 120
     4                           	opt	flic
     5                           	psect	smallconst,global,reloc=2,class=SMALLCONST,space=0,delta=1,noexec
     6                           	psect	cinit,global,reloc=2,class=CODE,space=0,delta=1
     7                           	psect	cstackCOMRAM,global,class=COMRAM,space=1,delta=1,lowdata,noexec
     8                           	psect	text0,global,reloc=2,class=CODE,space=0,delta=1
     9                           	psect	intsave_regs,global,class=BIGRAM,space=1,delta=1,noexec
    10                           	psect	rparam,global,class=COMRAM,space=1,delta=1,noexec
    11                           	psect	idloc,global,abs,ovrld,class=IDLOC,space=5,delta=1,noexec
    12                           	psect	config,global,abs,ovrld,class=CONFIG,space=4,delta=1,noexec
    13   000000                     
    14                           ; Version 2.40
    15                           ; Generated 17/11/2021 GMT
    16                           ; 
    17                           ; Copyright © 2021, Microchip Technology Inc. and its subsidiaries ("Microchip")
    18                           ; All rights reserved.
    19                           ; 
    20                           ; This software is developed by Microchip Technology Inc. and its subsidiaries ("Microch
      +                          ip").
    21                           ; 
    22                           ; Redistribution and use in source and binary forms, with or without modification, are
    23                           ; permitted provided that the following conditions are met:
    24                           ; 
    25                           ;     1. Redistributions of source code must retain the above copyright notice, this lis
      +                          t of
    26                           ;        conditions and the following disclaimer.
    27                           ; 
    28                           ;     2. Redistributions in binary form must reproduce the above copyright notice, this 
      +                          list
    29                           ;        of conditions and the following disclaimer in the documentation and/or other
    30                           ;        materials provided with the distribution. Publication is not required when
    31                           ;        this file is used in an embedded application.
    32                           ; 
    33                           ;     3. Microchip's name may not be used to endorse or promote products derived from th
      +                          is
    34                           ;        software without specific prior written permission.
    35                           ; 
    36                           ; THIS SOFTWARE IS PROVIDED BY MICROCHIP "AS IS" AND ANY EXPRESS OR IMPLIED WARRANTIES,
    37                           ; INCLUDING, BUT NOT LIMITED TO, THE IMPLIED WARRANTIES OF MERCHANTABILITY AND FITNESS F
      +                          OR
    38                           ; PURPOSE ARE DISCLAIMED.  IN NO EVENT SHALL MICROCHIP BE LIABLE FOR ANY DIRECT, INDIREC
      +                          T,
    39                           ; INCIDENTAL, SPECIAL, EXEMPLARY, OR CONSEQUENTIAL DAMAGES (INCLUDING BUT NOT LIMITED TO
    40                           ; PROCUREMENT OF SUBSTITUTE GOODS OR SERVICES; LOSS OF USE, DATA OR PROFITS; OR BUSINESS
    41                           ; INTERRUPTION) HOWSOEVER CAUSED AND ON ANY THEORY OF LIABILITY, WHETHER IN CONTRACT, ST
      +                          RICT
    42                           ; LIABILITY, OR TORT (INCLUDING NEGLIGENCE OR OTHERWISE) ARISING IN ANY WAY OUT OF THE U
      +                          SE OF
    43                           ; THIS SOFTWARE, EVEN IF ADVISED OF THE POSSIBILITY OF SUCH DAMAGE.
    44                           ; 
    45                           ; 
    46                           ; Code-generator required, PIC18F4550 Definitions
    47                           ; 
    48                           ; SFR Addresses
    49   000FE0                     bsr             equ	4064
    50   000FE9                     fsr0            equ	4073
    51   000FEA                     fsr0h           equ	4074
    52   000FE9                     fsr0l           equ	4073
    53   000FE1                     fsr1            equ	4065
    54   000FE2                     fsr1h           equ	4066
    55   000FE1                     fsr1l           equ	4065
    56   000FD9                     fsr2            equ	4057
    57   000FDA                     fsr2h           equ	4058
    58   000FD9                     fsr2l           equ	4057
    59   000FEF                     indf0           equ	4079
    60   000FE7                     indf1           equ	4071
    61   000FDF                     indf2           equ	4063
    62   000FF2                     intcon          equ	4082
    63   000000                     nvmcon          equ	0
    64   000FF9                     pcl             equ	4089
    65   000FFA                     pclath          equ	4090
    66   000FFB                     pclatu          equ	4091
    67   000FEB                     plusw0          equ	4075
    68   000FE3                     plusw1          equ	4067
    69   000FDB                     plusw2          equ	4059
    70   000FED                     postdec0        equ	4077
    71   000FE5                     postdec1        equ	4069
    72   000FDD                     postdec2        equ	4061
    73   000FEE                     postinc0        equ	4078
    74   000FE6                     postinc1        equ	4070
    75   000FDE                     postinc2        equ	4062
    76   000FEC                     preinc0         equ	4076
    77   000FE4                     preinc1         equ	4068
    78   000FDC                     preinc2         equ	4060
    79   000FF3                     prod            equ	4083
    80   000FF4                     prodh           equ	4084
    81   000FF3                     prodl           equ	4083
    82   000FD8                     status          equ	4056
    83   000FF5                     tablat          equ	4085
    84   000FF6                     tblptr          equ	4086
    85   000FF7                     tblptrh         equ	4087
    86   000FF6                     tblptrl         equ	4086
    87   000FF8                     tblptru         equ	4088
    88   000FFD                     tosl            equ	4093
    89   000FE8                     wreg            equ	4072
    90   000F62                     SPPDATA         equ	3938	;# 
    91   000F63                     SPPCFG          equ	3939	;# 
    92   000F64                     SPPEPS          equ	3940	;# 
    93   000F65                     SPPCON          equ	3941	;# 
    94   000F66                     UFRM            equ	3942	;# 
    95   000F66                     UFRML           equ	3942	;# 
    96   000F67                     UFRMH           equ	3943	;# 
    97   000F68                     UIR             equ	3944	;# 
    98   000F69                     UIE             equ	3945	;# 
    99   000F6A                     UEIR            equ	3946	;# 
   100   000F6B                     UEIE            equ	3947	;# 
   101   000F6C                     USTAT           equ	3948	;# 
   102   000F6D                     UCON            equ	3949	;# 
   103   000F6E                     UADDR           equ	3950	;# 
   104   000F6F                     UCFG            equ	3951	;# 
   105   000F70                     UEP0            equ	3952	;# 
   106   000F71                     UEP1            equ	3953	;# 
   107   000F72                     UEP2            equ	3954	;# 
   108   000F73                     UEP3            equ	3955	;# 
   109   000F74                     UEP4            equ	3956	;# 
   110   000F75                     UEP5            equ	3957	;# 
   111   000F76                     UEP6            equ	3958	;# 
   112   000F77                     UEP7            equ	3959	;# 
   113   000F78                     UEP8            equ	3960	;# 
   114   000F79                     UEP9            equ	3961	;# 
   115   000F7A                     UEP10           equ	3962	;# 
   116   000F7B                     UEP11           equ	3963	;# 
   117   000F7C                     UEP12           equ	3964	;# 
   118   000F7D                     UEP13           equ	3965	;# 
   119   000F7E                     UEP14           equ	3966	;# 
   120   000F7F                     UEP15           equ	3967	;# 
   121   000F80                     PORTA           equ	3968	;# 
   122   000F81                     PORTB           equ	3969	;# 
   123   000F82                     PORTC           equ	3970	;# 
   124   000F83                     PORTD           equ	3971	;# 
   125   000F84                     PORTE           equ	3972	;# 
   126   000F89                     LATA            equ	3977	;# 
   127   000F8A                     LATB            equ	3978	;# 
   128   000F8B                     LATC            equ	3979	;# 
   129   000F8C                     LATD            equ	3980	;# 
   130   000F8D                     LATE            equ	3981	;# 
   131   000F92                     TRISA           equ	3986	;# 
   132   000F92                     DDRA            equ	3986	;# 
   133   000F93                     TRISB           equ	3987	;# 
   134   000F93                     DDRB            equ	3987	;# 
   135   000F94                     TRISC           equ	3988	;# 
   136   000F94                     DDRC            equ	3988	;# 
   137   000F95                     TRISD           equ	3989	;# 
   138   000F95                     DDRD            equ	3989	;# 
   139   000F96                     TRISE           equ	3990	;# 
   140   000F96                     DDRE            equ	3990	;# 
   141   000F9B                     OSCTUNE         equ	3995	;# 
   142   000F9D                     PIE1            equ	3997	;# 
   143   000F9E                     PIR1            equ	3998	;# 
   144   000F9F                     IPR1            equ	3999	;# 
   145   000FA0                     PIE2            equ	4000	;# 
   146   000FA1                     PIR2            equ	4001	;# 
   147   000FA2                     IPR2            equ	4002	;# 
   148   000FA6                     EECON1          equ	4006	;# 
   149   000FA7                     EECON2          equ	4007	;# 
   150   000FA8                     EEDATA          equ	4008	;# 
   151   000FA9                     EEADR           equ	4009	;# 
   152   000FAB                     RCSTA           equ	4011	;# 
   153   000FAB                     RCSTA1          equ	4011	;# 
   154   000FAC                     TXSTA           equ	4012	;# 
   155   000FAC                     TXSTA1          equ	4012	;# 
   156   000FAD                     TXREG           equ	4013	;# 
   157   000FAD                     TXREG1          equ	4013	;# 
   158   000FAE                     RCREG           equ	4014	;# 
   159   000FAE                     RCREG1          equ	4014	;# 
   160   000FAF                     SPBRG           equ	4015	;# 
   161   000FAF                     SPBRG1          equ	4015	;# 
   162   000FB0                     SPBRGH          equ	4016	;# 
   163   000FB1                     T3CON           equ	4017	;# 
   164   000FB2                     TMR3            equ	4018	;# 
   165   000FB2                     TMR3L           equ	4018	;# 
   166   000FB3                     TMR3H           equ	4019	;# 
   167   000FB4                     CMCON           equ	4020	;# 
   168   000FB5                     CVRCON          equ	4021	;# 
   169   000FB6                     ECCP1AS         equ	4022	;# 
   170   000FB6                     CCP1AS          equ	4022	;# 
   171   000FB7                     ECCP1DEL        equ	4023	;# 
   172   000FB7                     CCP1DEL         equ	4023	;# 
   173   000FB8                     BAUDCON         equ	4024	;# 
   174   000FB8                     BAUDCTL         equ	4024	;# 
   175   000FBA                     CCP2CON         equ	4026	;# 
   176   000FBB                     CCPR2           equ	4027	;# 
   177   000FBB                     CCPR2L          equ	4027	;# 
   178   000FBC                     CCPR2H          equ	4028	;# 
   179   000FBD                     CCP1CON         equ	4029	;# 
   180   000FBD                     ECCP1CON        equ	4029	;# 
   181   000FBE                     CCPR1           equ	4030	;# 
   182   000FBE                     CCPR1L          equ	4030	;# 
   183   000FBF                     CCPR1H          equ	4031	;# 
   184   000FC0                     ADCON2          equ	4032	;# 
   185   000FC1                     ADCON1          equ	4033	;# 
   186   000FC2                     ADCON0          equ	4034	;# 
   187   000FC3                     ADRES           equ	4035	;# 
   188   000FC3                     ADRESL          equ	4035	;# 
   189   000FC4                     ADRESH          equ	4036	;# 
   190   000FC5                     SSPCON2         equ	4037	;# 
   191   000FC6                     SSPCON1         equ	4038	;# 
   192   000FC7                     SSPSTAT         equ	4039	;# 
   193   000FC8                     SSPADD          equ	4040	;# 
   194   000FC9                     SSPBUF          equ	4041	;# 
   195   000FCA                     T2CON           equ	4042	;# 
   196   000FCB                     PR2             equ	4043	;# 
   197   000FCB                     MEMCON          equ	4043	;# 
   198   000FCC                     TMR2            equ	4044	;# 
   199   000FCD                     T1CON           equ	4045	;# 
   200   000FCE                     TMR1            equ	4046	;# 
   201   000FCE                     TMR1L           equ	4046	;# 
   202   000FCF                     TMR1H           equ	4047	;# 
   203   000FD0                     RCON            equ	4048	;# 
   204   000FD1                     WDTCON          equ	4049	;# 
   205   000FD2                     HLVDCON         equ	4050	;# 
   206   000FD2                     LVDCON          equ	4050	;# 
   207   000FD3                     OSCCON          equ	4051	;# 
   208   000FD5                     T0CON           equ	4053	;# 
   209   000FD6                     TMR0            equ	4054	;# 
   210   000FD6                     TMR0L           equ	4054	;# 
   211   000FD7                     TMR0H           equ	4055	;# 
   212   000FD8                     STATUS          equ	4056	;# 
   213   000FD9                     FSR2            equ	4057	;# 
   214   000FD9                     FSR2L           equ	4057	;# 
   215   000FDA                     FSR2H           equ	4058	;# 
   216   000FDB                     PLUSW2          equ	4059	;# 
   217   000FDC                     PREINC2         equ	4060	;# 
   218   000FDD                     POSTDEC2        equ	4061	;# 
   219   000FDE                     POSTINC2        equ	4062	;# 
   220   000FDF                     INDF2           equ	4063	;# 
   221   000FE0                     BSR             equ	4064	;# 
   222   000FE1                     FSR1            equ	4065	;# 
   223   000FE1                     FSR1L           equ	4065	;# 
   224   000FE2                     FSR1H           equ	4066	;# 
   225   000FE3                     PLUSW1          equ	4067	;# 
   226   000FE4                     PREINC1         equ	4068	;# 
   227   000FE5                     POSTDEC1        equ	4069	;# 
   228   000FE6                     POSTINC1        equ	4070	;# 
   229   000FE7                     INDF1           equ	4071	;# 
   230   000FE8                     WREG            equ	4072	;# 
   231   000FE9                     FSR0            equ	4073	;# 
   232   000FE9                     FSR0L           equ	4073	;# 
   233   000FEA                     FSR0H           equ	4074	;# 
   234   000FEB                     PLUSW0          equ	4075	;# 
   235   000FEC                     PREINC0         equ	4076	;# 
   236   000FED                     POSTDEC0        equ	4077	;# 
   237   000FEE                     POSTINC0        equ	4078	;# 
   238   000FEF                     INDF0           equ	4079	;# 
   239   000FF0                     INTCON3         equ	4080	;# 
   240   000FF1                     INTCON2         equ	4081	;# 
   241   000FF2                     INTCON          equ	4082	;# 
   242   000FF3                     PROD            equ	4083	;# 
   243   000FF3                     PRODL           equ	4083	;# 
   244   000FF4                     PRODH           equ	4084	;# 
   245   000FF5                     TABLAT          equ	4085	;# 
   246   000FF6                     TBLPTR          equ	4086	;# 
   247   000FF6                     TBLPTRL         equ	4086	;# 
   248   000FF7                     TBLPTRH         equ	4087	;# 
   249   000FF8                     TBLPTRU         equ	4088	;# 
   250   000FF9                     PCLAT           equ	4089	;# 
   251   000FF9                     PC              equ	4089	;# 
   252   000FF9                     PCL             equ	4089	;# 
   253   000FFA                     PCLATH          equ	4090	;# 
   254   000FFB                     PCLATU          equ	4091	;# 
   255   000FFC                     STKPTR          equ	4092	;# 
   256   000FFD                     TOS             equ	4093	;# 
   257   000FFD                     TOSL            equ	4093	;# 
   258   000FFE                     TOSH            equ	4094	;# 
   259   000FFF                     TOSU            equ	4095	;# 
   260                           
   261                           	psect	smallconst
   262   000800                     __psmallconst:
   263                           	callstack 0
   264   000800  00                 	db	0
   265   000801                     main@F3215:
   266                           	callstack 0
   267   000801  10                 	db	16
   268   000802  30                 	db	48
   269   000803  70                 	db	112
   270   000804  F0                 	db	240
   271   000805                     __end_ofmain@F3215:
   272                           	callstack 0
   273   000805                     main@F3213:
   274                           	callstack 0
   275   000805  08                 	db	8
   276   000806  0C                 	db	12
   277   000807  0E                 	db	14
   278   000808  0F                 	db	15
   279   000809                     __end_ofmain@F3213:
   280                           	callstack 0
   281   000F81                     _PORTBbits      set	3969
   282   000F8C                     _LATD           set	3980
   283   000FF1                     _INTCON2bits    set	4081
   284   000FC1                     _ADCON1         set	4033
   285   000F95                     _TRISD          set	3989
   286   000F93                     _TRISB          set	3987
   287   000809  00                 	db	0	; dummy byte at the end
   288   000800                     __smallconst    set	__psmallconst
   289   000800                     __mediumconst   set	__psmallconst
   290   000001                     __activetblptr  equ	1
   291                           
   292                           ; #config settings
   293                           
   294                           	psect	cinit
   295   00090A                     __pcinit:
   296                           	callstack 0
   297   00090A                     start_initialization:
   298                           	callstack 0
   299   00090A                     __initialization:
   300                           	callstack 0
   301   00090A                     end_of_initialization:
   302                           	callstack 0
   303   00090A                     __end_of__initialization:
   304                           	callstack 0
   305   00090A  0E00               	movlw	low (__Lsmallconst shr (0+16))
   306   00090C  6EF8               	movwf	tblptru,c
   307   00090E  0E08               	movlw	high __Lsmallconst
   308   000910  6EF7               	movwf	tblptrh,c
   309   000912  0100               	movlb	0
   310   000914  EF05  F004         	goto	_main	;jump to C main() function
   311                           
   312                           	psect	cstackCOMRAM
   313   000001                     __pcstackCOMRAM:
   314                           	callstack 0
   315   000001                     ??_main:
   316                           
   317                           ; 1 bytes @ 0x0
   318   000001                     	ds	1
   319   000002                     main@setaEsq:
   320                           	callstack 0
   321                           
   322                           ; 4 bytes @ 0x1
   323   000002                     	ds	4
   324   000006                     main@setaDir:
   325                           	callstack 0
   326                           
   327                           ; 4 bytes @ 0x5
   328   000006                     	ds	4
   329   00000A                     main@atraso:
   330                           	callstack 0
   331                           
   332                           ; 1 bytes @ 0x9
   333   00000A                     	ds	1
   334   00000B                     main@i:
   335                           	callstack 0
   336                           
   337                           ; 1 bytes @ 0xA
   338   00000B                     	ds	1
   339                           
   340 ;;
   341 ;;Main: autosize = 0, tempsize = 1, incstack = 0, save=0
   342 ;;
   343 ;; *************** function _main *****************
   344 ;; Defined at:
   345 ;;		line 14 in file "newmain.c"
   346 ;; Parameters:    Size  Location     Type
   347 ;;		None
   348 ;; Auto vars:     Size  Location     Type
   349 ;;  setaDir         4    5[COMRAM] const unsigned char [4]
   350 ;;  setaEsq         4    1[COMRAM] const unsigned char [4]
   351 ;;  i               1   10[COMRAM] unsigned char 
   352 ;;  atraso          1    9[COMRAM] unsigned char 
   353 ;; Return value:  Size  Location     Type
   354 ;;                  1    wreg      void 
   355 ;; Registers used:
   356 ;;		wreg, fsr2l, fsr2h, status,2, status,0, tblptrl, tblptrh, tblptru
   357 ;; Tracked objects:
   358 ;;		On entry : 0/0
   359 ;;		On exit  : 0/0
   360 ;;		Unchanged: 0/0
   361 ;; Data sizes:     COMRAM   BANK0   BANK1   BANK2   BANK3   BANK4   BANK5   BANK6   BANK7
   362 ;;      Params:         0       0       0       0       0       0       0       0       0
   363 ;;      Locals:        10       0       0       0       0       0       0       0       0
   364 ;;      Temps:          1       0       0       0       0       0       0       0       0
   365 ;;      Totals:        11       0       0       0       0       0       0       0       0
   366 ;;Total ram usage:       11 bytes
   367 ;; This function calls:
   368 ;;		Nothing
   369 ;; This function is called by:
   370 ;;		Startup code after reset
   371 ;; This function uses a non-reentrant model
   372 ;;
   373                           
   374                           	psect	text0
   375   00080A                     __ptext0:
   376                           	callstack 0
   377   00080A                     _main:
   378                           	callstack 31
   379   00080A                     
   380                           ;newmain.c: 16:                       0b01110000,
   381   00080A  6A0A               	clrf	main@atraso^0,c
   382   00080C                     
   383                           ;newmain.c: 18:    unsigned char i;
   384   00080C  0E05               	movlw	low main@F3213
   385   00080E  6EF6               	movwf	tblptrl,c
   386   000810                     	if	0	;There is only one active tblptr byte
   387   000810                     	endif
   388   000810                     	if	0	;There are less than 3 active tblptr bytes
   389   000810                     	endif
   390   000810  0009               	tblrd		*+
   391   000812  CFF5 F002          	movff	tablat,main@setaEsq
   392   000816  0009               	tblrd		*+
   393   000818  CFF5 F003          	movff	tablat,main@setaEsq+1
   394   00081C  0009               	tblrd		*+
   395   00081E  CFF5 F004          	movff	tablat,main@setaEsq+2
   396   000822  000A               	tblrd		*-
   397   000824  CFF5 F005          	movff	tablat,main@setaEsq+3
   398                           
   399                           ;newmain.c: 24:    while(1){
   400   000828  0E01               	movlw	low main@F3215
   401   00082A  6EF6               	movwf	tblptrl,c
   402   00082C                     	if	0	;There is only one active tblptr byte
   403   00082C                     	endif
   404   00082C                     	if	0	;There are less than 3 active tblptr bytes
   405   00082C                     	endif
   406   00082C  0009               	tblrd		*+
   407   00082E  CFF5 F006          	movff	tablat,main@setaDir
   408   000832  0009               	tblrd		*+
   409   000834  CFF5 F007          	movff	tablat,main@setaDir+1
   410   000838  0009               	tblrd		*+
   411   00083A  CFF5 F008          	movff	tablat,main@setaDir+2
   412   00083E  000A               	tblrd		*-
   413   000840  CFF5 F009          	movff	tablat,main@setaDir+3
   414   000844                     
   415                           ;newmain.c: 29:                     _delay((unsigned long)((10)*(20000000/4000.0)));;new
      +                          main.c: 30:                     atraso += 1;
   416   000844  0E06               	movlw	6
   417   000846  6E93               	movwf	147,c	;volatile
   418   000848                     
   419                           ;newmain.c: 31:                 }
   420   000848  6A95               	clrf	149,c	;volatile
   421   00084A                     
   422                           ;newmain.c: 32:                 atraso = 0;
   423   00084A  0E0F               	movlw	15
   424   00084C  6EC1               	movwf	193,c	;volatile
   425   00084E                     
   426                           ;newmain.c: 33:             }
   427   00084E  9EF1               	bcf	241,7,c	;volatile
   428   000850                     l838:
   429                           
   430                           ;newmain.c: 34:             LATD = 0x00;
   431   000850  6A8C               	clrf	140,c	;volatile
   432   000852                     
   433                           ;newmain.c: 36:         else if(PORTBbits.RB2 == 0){
   434   000852  B281               	btfsc	129,1,c	;volatile
   435   000854  EF2E  F004         	goto	u11
   436   000858  EF30  F004         	goto	u10
   437   00085C                     u11:
   438   00085C  EF56  F004         	goto	l24
   439   000860                     u10:
   440   000860                     
   441                           ;newmain.c: 37:             for (i = 0;i<4;i++){
   442   000860  6A0B               	clrf	main@i^0,c
   443   000862                     l848:
   444                           
   445                           ;newmain.c: 38:                 LATD = setaDir[i];
   446   000862  500B               	movf	main@i^0,w,c
   447   000864  0F02               	addlw	low main@setaEsq
   448   000866  6ED9               	movwf	fsr2l,c
   449   000868  6ADA               	clrf	fsr2h,c
   450   00086A  50DF               	movf	indf2,w,c
   451   00086C  6E8C               	movwf	140,c	;volatile
   452                           
   453                           ;newmain.c: 39:                 while (atraso < 50){
   454   00086E  EF42  F004         	goto	l27
   455   000872                     l850:
   456                           
   457                           ;newmain.c: 40:                     _delay((unsigned long)((10)*(20000000/4000.0)));
   458   000872  0E41               	movlw	65
   459   000874  6E01               	movwf	??_main^0,c
   460   000876  0EEE               	movlw	238
   461   000878                     u77:
   462   000878  2EE8               	decfsz	wreg,f,c
   463   00087A  D7FE               	bra	u77
   464   00087C  2E01               	decfsz	??_main^0,f,c
   465   00087E  D7FC               	bra	u77
   466   000880  D000               	nop2	
   467   000882                     
   468                           ;newmain.c: 41:                     atraso += 1;
   469   000882  2A0A               	incf	main@atraso^0,f,c
   470   000884                     l27:
   471                           
   472                           ;newmain.c: 39:                 while (atraso < 50){
   473   000884  0E31               	movlw	49
   474   000886  640A               	cpfsgt	main@atraso^0,c
   475   000888  EF48  F004         	goto	u21
   476   00088C  EF4A  F004         	goto	u20
   477   000890                     u21:
   478   000890  EF39  F004         	goto	l850
   479   000894                     u20:
   480   000894                     
   481                           ;newmain.c: 43:                 atraso = 0;
   482   000894  6A0A               	clrf	main@atraso^0,c
   483   000896                     
   484                           ;newmain.c: 44:             }
   485   000896  2A0B               	incf	main@i^0,f,c
   486   000898  0E03               	movlw	3
   487   00089A  640B               	cpfsgt	main@i^0,c
   488   00089C  EF52  F004         	goto	u31
   489   0008A0  EF54  F004         	goto	u30
   490   0008A4                     u31:
   491   0008A4  EF31  F004         	goto	l848
   492   0008A8                     u30:
   493   0008A8  EF28  F004         	goto	l838
   494   0008AC                     l24:
   495   0008AC  B481               	btfsc	129,2,c	;volatile
   496   0008AE  EF5B  F004         	goto	u41
   497   0008B2  EF5D  F004         	goto	u40
   498   0008B6                     u41:
   499   0008B6  EF28  F004         	goto	l838
   500   0008BA                     u40:
   501   0008BA                     
   502                           ;newmain.c: 48:             LATD = 0x00;
   503   0008BA  6A0B               	clrf	main@i^0,c
   504   0008BC                     l864:
   505                           
   506                           ;newmain.c: 49:    }
   507   0008BC  500B               	movf	main@i^0,w,c
   508   0008BE  0F06               	addlw	low main@setaDir
   509   0008C0  6ED9               	movwf	fsr2l,c
   510   0008C2  6ADA               	clrf	fsr2h,c
   511   0008C4  50DF               	movf	indf2,w,c
   512   0008C6  6E8C               	movwf	140,c	;volatile
   513                           
   514                           ;newmain.c: 50: }
   515   0008C8  EF6F  F004         	goto	l34
   516   0008CC                     l866:
   517   0008CC  0E41               	movlw	65
   518   0008CE  6E01               	movwf	??_main^0,c
   519   0008D0  0EEE               	movlw	238
   520   0008D2                     u87:
   521   0008D2  2EE8               	decfsz	wreg,f,c
   522   0008D4  D7FE               	bra	u87
   523   0008D6  2E01               	decfsz	??_main^0,f,c
   524   0008D8  D7FC               	bra	u87
   525   0008DA  D000               	nop2	
   526   0008DC  2A0A               	incf	main@atraso^0,f,c
   527   0008DE                     l34:
   528                           
   529                           ;newmain.c: 50: }
   530   0008DE  0E31               	movlw	49
   531   0008E0  640A               	cpfsgt	main@atraso^0,c
   532   0008E2  EF75  F004         	goto	u51
   533   0008E6  EF77  F004         	goto	u50
   534   0008EA                     u51:
   535   0008EA  EF66  F004         	goto	l866
   536   0008EE                     u50:
   537   0008EE  6A0A               	clrf	main@atraso^0,c
   538   0008F0  2A0B               	incf	main@i^0,f,c
   539   0008F2  0E03               	movlw	3
   540   0008F4  640B               	cpfsgt	main@i^0,c
   541   0008F6  EF7F  F004         	goto	u61
   542   0008FA  EF81  F004         	goto	u60
   543   0008FE                     u61:
   544   0008FE  EF5E  F004         	goto	l864
   545   000902                     u60:
   546   000902  EF28  F004         	goto	l838
   547   000906  EFFE  F03F         	goto	start
   548   00090A                     __end_of_main:
   549                           	callstack 0
   550                           
   551                           	psect	rparam
   552   000001                     ___rparam_used  equ	1
   553   000000                     ___param_bank   equ	0
   554   000000                     __Lparam        equ	__Lrparam
   555   000000                     __Hparam        equ	__Hrparam
   556                           
   557                           	psect	idloc
   558                           
   559                           ;Config register IDLOC0 @ 0x200000
   560                           ;	unspecified, using default values
   561   200000                     	org	2097152
   562   200000  FF                 	db	255
   563                           
   564                           ;Config register IDLOC1 @ 0x200001
   565                           ;	unspecified, using default values
   566   200001                     	org	2097153
   567   200001  FF                 	db	255
   568                           
   569                           ;Config register IDLOC2 @ 0x200002
   570                           ;	unspecified, using default values
   571   200002                     	org	2097154
   572   200002  FF                 	db	255
   573                           
   574                           ;Config register IDLOC3 @ 0x200003
   575                           ;	unspecified, using default values
   576   200003                     	org	2097155
   577   200003  FF                 	db	255
   578                           
   579                           ;Config register IDLOC4 @ 0x200004
   580                           ;	unspecified, using default values
   581   200004                     	org	2097156
   582   200004  FF                 	db	255
   583                           
   584                           ;Config register IDLOC5 @ 0x200005
   585                           ;	unspecified, using default values
   586   200005                     	org	2097157
   587   200005  FF                 	db	255
   588                           
   589                           ;Config register IDLOC6 @ 0x200006
   590                           ;	unspecified, using default values
   591   200006                     	org	2097158
   592   200006  FF                 	db	255
   593                           
   594                           ;Config register IDLOC7 @ 0x200007
   595                           ;	unspecified, using default values
   596   200007                     	org	2097159
   597   200007  FF                 	db	255
   598                           
   599                           	psect	config
   600                           
   601                           ;Config register CONFIG1L @ 0x300000
   602                           ;	PLL Prescaler Selection bits
   603                           ;	PLLDIV = 0x0, unprogrammed default
   604                           ;	System Clock Postscaler Selection bits
   605                           ;	CPUDIV = OSC1_PLL2, [Primary Oscillator Src: /1][96 MHz PLL Src: /2]
   606                           ;	USB Clock Selection bit (used in Full-Speed USB mode only; UCFG:FSEN = 1)
   607                           ;	USBDIV = 0x0, unprogrammed default
   608   300000                     	org	3145728
   609   300000  00                 	db	0
   610                           
   611                           ;Config register CONFIG1H @ 0x300001
   612                           ;	Oscillator Selection bits
   613                           ;	FOSC = HS, HS oscillator (HS)
   614                           ;	Fail-Safe Clock Monitor Enable bit
   615                           ;	FCMEN = 0x0, unprogrammed default
   616                           ;	Internal/External Oscillator Switchover bit
   617                           ;	IESO = 0x0, unprogrammed default
   618   300001                     	org	3145729
   619   300001  0C                 	db	12
   620                           
   621                           ;Config register CONFIG2L @ 0x300002
   622                           ;	unspecified, using default values
   623                           ;	Power-up Timer Enable bit
   624                           ;	PWRT = 0x1, unprogrammed default
   625                           ;	Brown-out Reset Enable bits
   626                           ;	BOR = 0x3, unprogrammed default
   627                           ;	Brown-out Reset Voltage bits
   628                           ;	BORV = 0x3, unprogrammed default
   629                           ;	USB Voltage Regulator Enable bit
   630                           ;	VREGEN = 0x0, unprogrammed default
   631   300002                     	org	3145730
   632   300002  1F                 	db	31
   633                           
   634                           ;Config register CONFIG2H @ 0x300003
   635                           ;	Watchdog Timer Enable bit
   636                           ;	WDT = OFF, WDT disabled (control is placed on the SWDTEN bit)
   637                           ;	Watchdog Timer Postscale Select bits
   638                           ;	WDTPS = 0xF, unprogrammed default
   639   300003                     	org	3145731
   640   300003  1E                 	db	30
   641                           
   642                           ; Padding undefined space
   643   300004                     	org	3145732
   644   300004  FF                 	db	255
   645                           
   646                           ;Config register CONFIG3H @ 0x300005
   647                           ;	CCP2 MUX bit
   648                           ;	CCP2MX = 0x1, unprogrammed default
   649                           ;	PORTB A/D Enable bit
   650                           ;	PBADEN = OFF, PORTB<4:0> pins are configured as digital I/O on Reset
   651                           ;	Low-Power Timer 1 Oscillator Enable bit
   652                           ;	LPT1OSC = 0x0, unprogrammed default
   653                           ;	MCLR Pin Enable bit
   654                           ;	MCLRE = 0x1, unprogrammed default
   655   300005                     	org	3145733
   656   300005  81                 	db	129
   657                           
   658                           ;Config register CONFIG4L @ 0x300006
   659                           ;	Stack Full/Underflow Reset Enable bit
   660                           ;	STVREN = 0x1, unprogrammed default
   661                           ;	Single-Supply ICSP Enable bit
   662                           ;	LVP = OFF, Single-Supply ICSP disabled
   663                           ;	Dedicated In-Circuit Debug/Programming Port (ICPORT) Enable bit
   664                           ;	ICPRT = 0x0, unprogrammed default
   665                           ;	Extended Instruction Set Enable bit
   666                           ;	XINST = 0x0, unprogrammed default
   667                           ;	Background Debugger Enable bit
   668                           ;	DEBUG = 0x1, unprogrammed default
   669   300006                     	org	3145734
   670   300006  81                 	db	129
   671                           
   672                           ; Padding undefined space
   673   300007                     	org	3145735
   674   300007  FF                 	db	255
   675                           
   676                           ;Config register CONFIG5L @ 0x300008
   677                           ;	unspecified, using default values
   678                           ;	Code Protection bit
   679                           ;	CP0 = 0x1, unprogrammed default
   680                           ;	Code Protection bit
   681                           ;	CP1 = 0x1, unprogrammed default
   682                           ;	Code Protection bit
   683                           ;	CP2 = 0x1, unprogrammed default
   684                           ;	Code Protection bit
   685                           ;	CP3 = 0x1, unprogrammed default
   686   300008                     	org	3145736
   687   300008  0F                 	db	15
   688                           
   689                           ;Config register CONFIG5H @ 0x300009
   690                           ;	unspecified, using default values
   691                           ;	Boot Block Code Protection bit
   692                           ;	CPB = 0x1, unprogrammed default
   693                           ;	Data EEPROM Code Protection bit
   694                           ;	CPD = 0x1, unprogrammed default
   695   300009                     	org	3145737
   696   300009  C0                 	db	192
   697                           
   698                           ;Config register CONFIG6L @ 0x30000A
   699                           ;	unspecified, using default values
   700                           ;	Write Protection bit
   701                           ;	WRT0 = 0x1, unprogrammed default
   702                           ;	Write Protection bit
   703                           ;	WRT1 = 0x1, unprogrammed default
   704                           ;	Write Protection bit
   705                           ;	WRT2 = 0x1, unprogrammed default
   706                           ;	Write Protection bit
   707                           ;	WRT3 = 0x1, unprogrammed default
   708   30000A                     	org	3145738
   709   30000A  0F                 	db	15
   710                           
   711                           ;Config register CONFIG6H @ 0x30000B
   712                           ;	unspecified, using default values
   713                           ;	Configuration Register Write Protection bit
   714                           ;	WRTC = 0x1, unprogrammed default
   715                           ;	Boot Block Write Protection bit
   716                           ;	WRTB = 0x1, unprogrammed default
   717                           ;	Data EEPROM Write Protection bit
   718                           ;	WRTD = 0x1, unprogrammed default
   719   30000B                     	org	3145739
   720   30000B  E0                 	db	224
   721                           
   722                           ;Config register CONFIG7L @ 0x30000C
   723                           ;	unspecified, using default values
   724                           ;	Table Read Protection bit
   725                           ;	EBTR0 = 0x1, unprogrammed default
   726                           ;	Table Read Protection bit
   727                           ;	EBTR1 = 0x1, unprogrammed default
   728                           ;	Table Read Protection bit
   729                           ;	EBTR2 = 0x1, unprogrammed default
   730                           ;	Table Read Protection bit
   731                           ;	EBTR3 = 0x1, unprogrammed default
   732   30000C                     	org	3145740
   733   30000C  0F                 	db	15
   734                           
   735                           ;Config register CONFIG7H @ 0x30000D
   736                           ;	unspecified, using default values
   737                           ;	Boot Block Table Read Protection bit
   738                           ;	EBTRB = 0x1, unprogrammed default
   739   30000D                     	org	3145741
   740   30000D  40                 	db	64
   741                           tosu	equ	0xFFF
   742                           tosh	equ	0xFFE
   743                           tosl	equ	0xFFD
   744                           stkptr	equ	0xFFC
   745                           pclatu	equ	0xFFB
   746                           pclath	equ	0xFFA
   747                           pcl	equ	0xFF9
   748                           tblptru	equ	0xFF8
   749                           tblptrh	equ	0xFF7
   750                           tblptrl	equ	0xFF6
   751                           tablat	equ	0xFF5
   752                           prodh	equ	0xFF4
   753                           prodl	equ	0xFF3
   754                           indf0	equ	0xFEF
   755                           postinc0	equ	0xFEE
   756                           postdec0	equ	0xFED
   757                           preinc0	equ	0xFEC
   758                           plusw0	equ	0xFEB
   759                           fsr0h	equ	0xFEA
   760                           fsr0l	equ	0xFE9
   761                           wreg	equ	0xFE8
   762                           indf1	equ	0xFE7
   763                           postinc1	equ	0xFE6
   764                           postdec1	equ	0xFE5
   765                           preinc1	equ	0xFE4
   766                           plusw1	equ	0xFE3
   767                           fsr1h	equ	0xFE2
   768                           fsr1l	equ	0xFE1
   769                           bsr	equ	0xFE0
   770                           indf2	equ	0xFDF
   771                           postinc2	equ	0xFDE
   772                           postdec2	equ	0xFDD
   773                           preinc2	equ	0xFDC
   774                           plusw2	equ	0xFDB
   775                           fsr2h	equ	0xFDA
   776                           fsr2l	equ	0xFD9
   777                           status	equ	0xFD8

Data Sizes:
    Strings     0
    Constant    8
    Data        0
    BSS         0
    Persistent  0
    Stack       0

Auto Spaces:
    Space          Size  Autos    Used
    COMRAM           95     11      11
    BANK0           160      0       0
    BANK1           256      0       0
    BANK2           256      0       0
    BANK3           256      0       0
    BANK4           256      0       0
    BANK5           256      0       0
    BANK6           256      0       0
    BANK7           256      0       0

Pointer List with Targets:

    None.

Critical Paths under _main in COMRAM

    None.

Critical Paths under _main in BANK0

    None.

Critical Paths under _main in BANK1

    None.

Critical Paths under _main in BANK2

    None.

Critical Paths under _main in BANK3

    None.

Critical Paths under _main in BANK4

    None.

Critical Paths under _main in BANK5

    None.

Critical Paths under _main in BANK6

    None.

Critical Paths under _main in BANK7

    None.

Call Graph Tables:

 ---------------------------------------------------------------------------------
 (Depth) Function   	        Calls       Base Space   Used Autos Params    Refs
 ---------------------------------------------------------------------------------
 (0) _main                                                11    11      0     150
                                              0 COMRAM    11    11      0
 ---------------------------------------------------------------------------------
 Estimated maximum stack depth 0
 ---------------------------------------------------------------------------------

 Call Graph Graphs:

 _main (ROOT)

Address spaces:
Name               Size   Autos  Total    Usage
BITCOMRAM           95      0       0      0.0%
BITBANK0           160      0       0      0.0%
BITBANK1           256      0       0      0.0%
BITBANK2           256      0       0      0.0%
BITBANK3           256      0       0      0.0%
BITBANK4           256      0       0      0.0%
BITBANK5           256      0       0      0.0%
BITBANK6           256      0       0      0.0%
BITBANK7           256      0       0      0.0%
BITBIGSFRh         126      0       0      0.0%
BITBIGSFRl          33      0       0      0.0%
COMRAM              95     11      11     11.6%
BANK0              160      0       0      0.0%
BANK1              256      0       0      0.0%
BANK2              256      0       0      0.0%
BANK3              256      0       0      0.0%
BANK4              256      0       0      0.0%
BANK5              256      0       0      0.0%
BANK6              256      0       0      0.0%
BANK7              256      0       0      0.0%
BIGRAM            2047      0       0      0.0%
STACK                0      0       0      0.0%
DATA                 0      0      11      0.0%


Microchip Technology PIC18 Macro Assembler V3.10 build 20250813170317 
Symbol Table                                                                                   Thu Jun 25 10:45:37 2026

                     l24 08AC                       l34 08DE                       l27 0884  
                     l36 08EE                       l29 0894                       u10 0860  
                     u11 085C                       u20 0894                       u21 0890  
                     u30 08A8                       u31 08A4                       u40 08BA  
                     u41 08B6                       u50 08EE                       u51 08EA  
                     u60 0902                       u61 08FE                       u77 0878  
                     u87 08D2                      l830 0844                      l840 0852  
                    l832 0848                      l850 0872                      l842 0860  
                    l834 084A                      l826 080A                      l852 0882  
                    l836 084E                      l828 080C                      l870 08F0  
                    l854 0896                      l838 0850                      l872 08F2  
                    l864 08BC                      l856 0898                      l848 0862  
                    l866 08CC                      l858 08BA                      l868 08DC  
                    wreg 0FE8                     _LATD 0F8C              main@setaDir 0006  
            main@setaEsq 0002                     _main 080A                     fsr2h 0FDA  
                   indf2 0FDF                     fsr2l 0FD9                     start 7FFC  
           ___param_bank 0000                    ?_main 0001                    _TRISB 0F93  
                  _TRISD 0F95                    main@i 000B                    tablat 0FF5  
        __initialization 090A             __end_of_main 090A                   ??_main 0001  
          __activetblptr 0001                   _ADCON1 0FC1                   isa$std 0001  
           __mediumconst 0800                   tblptrh 0FF7                   tblptrl 0FF6  
                 tblptru 0FF8               __accesstop 0060  __end_of__initialization 090A  
          ___rparam_used 0001           __pcstackCOMRAM 0001                  __Hparam 0000  
                __Lparam 0000             __psmallconst 0800                  __pcinit 090A  
                __ramtop 0800                  __ptext0 080A     end_of_initialization 090A  
      __end_ofmain@F3213 0809        __end_ofmain@F3215 0805                _PORTBbits 0F81  
             main@atraso 000A      start_initialization 090A              __smallconst 0800  
              main@F3213 0805                main@F3215 0801              _INTCON2bits 0FF1  
               __Hrparam 0000                 __Lrparam 0000             __Lsmallconst 0800  
               isa$xinst 0000  
