

Microchip MPLAB XC8 Assembler V3.10 build 20250813170317 
                                                                                               Thu Jun 25 10:29:38 2026

Microchip MPLAB XC8 C Compiler v3.10 (Free license) build 20250813170317 Og1 
     1                           	processor	18F4550
     2                           	fnconf	rparam,??,?,0
     3                           	pagewidth 120
     4                           	opt	flic
     5                           	psect	cinit,global,reloc=2,class=CODE,space=0,delta=1
     6                           	psect	cstackCOMRAM,global,class=COMRAM,space=1,delta=1,lowdata,noexec
     7                           	psect	text0,global,reloc=2,class=CODE,space=0,delta=1
     8                           	psect	text1,global,reloc=2,class=CODE,space=0,delta=1
     9                           	psect	smallconst,global,reloc=2,class=SMALLCONST,space=0,delta=1,noexec
    10                           	psect	intsave_regs,global,class=BIGRAM,space=1,delta=1,noexec
    11                           	psect	rparam,global,class=COMRAM,space=1,delta=1,noexec
    12                           	psect	idloc,global,abs,ovrld,class=IDLOC,space=5,delta=1,noexec
    13                           	psect	config,global,abs,ovrld,class=CONFIG,space=4,delta=1,noexec
    14   000000                     
    15                           ; Version 2.40
    16                           ; Generated 17/11/2021 GMT
    17                           ; 
    18                           ; Copyright © 2021, Microchip Technology Inc. and its subsidiaries ("Microchip")
    19                           ; All rights reserved.
    20                           ; 
    21                           ; This software is developed by Microchip Technology Inc. and its subsidiaries ("Microch
      +                          ip").
    22                           ; 
    23                           ; Redistribution and use in source and binary forms, with or without modification, are
    24                           ; permitted provided that the following conditions are met:
    25                           ; 
    26                           ;     1. Redistributions of source code must retain the above copyright notice, this lis
      +                          t of
    27                           ;        conditions and the following disclaimer.
    28                           ; 
    29                           ;     2. Redistributions in binary form must reproduce the above copyright notice, this 
      +                          list
    30                           ;        of conditions and the following disclaimer in the documentation and/or other
    31                           ;        materials provided with the distribution. Publication is not required when
    32                           ;        this file is used in an embedded application.
    33                           ; 
    34                           ;     3. Microchip's name may not be used to endorse or promote products derived from th
      +                          is
    35                           ;        software without specific prior written permission.
    36                           ; 
    37                           ; THIS SOFTWARE IS PROVIDED BY MICROCHIP "AS IS" AND ANY EXPRESS OR IMPLIED WARRANTIES,
    38                           ; INCLUDING, BUT NOT LIMITED TO, THE IMPLIED WARRANTIES OF MERCHANTABILITY AND FITNESS F
      +                          OR
    39                           ; PURPOSE ARE DISCLAIMED.  IN NO EVENT SHALL MICROCHIP BE LIABLE FOR ANY DIRECT, INDIREC
      +                          T,
    40                           ; INCIDENTAL, SPECIAL, EXEMPLARY, OR CONSEQUENTIAL DAMAGES (INCLUDING BUT NOT LIMITED TO
    41                           ; PROCUREMENT OF SUBSTITUTE GOODS OR SERVICES; LOSS OF USE, DATA OR PROFITS; OR BUSINESS
    42                           ; INTERRUPTION) HOWSOEVER CAUSED AND ON ANY THEORY OF LIABILITY, WHETHER IN CONTRACT, ST
      +                          RICT
    43                           ; LIABILITY, OR TORT (INCLUDING NEGLIGENCE OR OTHERWISE) ARISING IN ANY WAY OUT OF THE U
      +                          SE OF
    44                           ; THIS SOFTWARE, EVEN IF ADVISED OF THE POSSIBILITY OF SUCH DAMAGE.
    45                           ; 
    46                           ; 
    47                           ; Code-generator required, PIC18F4550 Definitions
    48                           ; 
    49                           ; SFR Addresses
    50   000FE0                     bsr             equ	4064
    51   000FE9                     fsr0            equ	4073
    52   000FEA                     fsr0h           equ	4074
    53   000FE9                     fsr0l           equ	4073
    54   000FE1                     fsr1            equ	4065
    55   000FE2                     fsr1h           equ	4066
    56   000FE1                     fsr1l           equ	4065
    57   000FD9                     fsr2            equ	4057
    58   000FDA                     fsr2h           equ	4058
    59   000FD9                     fsr2l           equ	4057
    60   000FEF                     indf0           equ	4079
    61   000FE7                     indf1           equ	4071
    62   000FDF                     indf2           equ	4063
    63   000FF2                     intcon          equ	4082
    64   000000                     nvmcon          equ	0
    65   000FF9                     pcl             equ	4089
    66   000FFA                     pclath          equ	4090
    67   000FFB                     pclatu          equ	4091
    68   000FEB                     plusw0          equ	4075
    69   000FE3                     plusw1          equ	4067
    70   000FDB                     plusw2          equ	4059
    71   000FED                     postdec0        equ	4077
    72   000FE5                     postdec1        equ	4069
    73   000FDD                     postdec2        equ	4061
    74   000FEE                     postinc0        equ	4078
    75   000FE6                     postinc1        equ	4070
    76   000FDE                     postinc2        equ	4062
    77   000FEC                     preinc0         equ	4076
    78   000FE4                     preinc1         equ	4068
    79   000FDC                     preinc2         equ	4060
    80   000FF3                     prod            equ	4083
    81   000FF4                     prodh           equ	4084
    82   000FF3                     prodl           equ	4083
    83   000FD8                     status          equ	4056
    84   000FF5                     tablat          equ	4085
    85   000FF6                     tblptr          equ	4086
    86   000FF7                     tblptrh         equ	4087
    87   000FF6                     tblptrl         equ	4086
    88   000FF8                     tblptru         equ	4088
    89   000FFD                     tosl            equ	4093
    90   000FE8                     wreg            equ	4072
    91   000F62                     SPPDATA         equ	3938	;# 
    92   000F63                     SPPCFG          equ	3939	;# 
    93   000F64                     SPPEPS          equ	3940	;# 
    94   000F65                     SPPCON          equ	3941	;# 
    95   000F66                     UFRM            equ	3942	;# 
    96   000F66                     UFRML           equ	3942	;# 
    97   000F67                     UFRMH           equ	3943	;# 
    98   000F68                     UIR             equ	3944	;# 
    99   000F69                     UIE             equ	3945	;# 
   100   000F6A                     UEIR            equ	3946	;# 
   101   000F6B                     UEIE            equ	3947	;# 
   102   000F6C                     USTAT           equ	3948	;# 
   103   000F6D                     UCON            equ	3949	;# 
   104   000F6E                     UADDR           equ	3950	;# 
   105   000F6F                     UCFG            equ	3951	;# 
   106   000F70                     UEP0            equ	3952	;# 
   107   000F71                     UEP1            equ	3953	;# 
   108   000F72                     UEP2            equ	3954	;# 
   109   000F73                     UEP3            equ	3955	;# 
   110   000F74                     UEP4            equ	3956	;# 
   111   000F75                     UEP5            equ	3957	;# 
   112   000F76                     UEP6            equ	3958	;# 
   113   000F77                     UEP7            equ	3959	;# 
   114   000F78                     UEP8            equ	3960	;# 
   115   000F79                     UEP9            equ	3961	;# 
   116   000F7A                     UEP10           equ	3962	;# 
   117   000F7B                     UEP11           equ	3963	;# 
   118   000F7C                     UEP12           equ	3964	;# 
   119   000F7D                     UEP13           equ	3965	;# 
   120   000F7E                     UEP14           equ	3966	;# 
   121   000F7F                     UEP15           equ	3967	;# 
   122   000F80                     PORTA           equ	3968	;# 
   123   000F81                     PORTB           equ	3969	;# 
   124   000F82                     PORTC           equ	3970	;# 
   125   000F83                     PORTD           equ	3971	;# 
   126   000F84                     PORTE           equ	3972	;# 
   127   000F89                     LATA            equ	3977	;# 
   128   000F8A                     LATB            equ	3978	;# 
   129   000F8B                     LATC            equ	3979	;# 
   130   000F8C                     LATD            equ	3980	;# 
   131   000F8D                     LATE            equ	3981	;# 
   132   000F92                     TRISA           equ	3986	;# 
   133   000F92                     DDRA            equ	3986	;# 
   134   000F93                     TRISB           equ	3987	;# 
   135   000F93                     DDRB            equ	3987	;# 
   136   000F94                     TRISC           equ	3988	;# 
   137   000F94                     DDRC            equ	3988	;# 
   138   000F95                     TRISD           equ	3989	;# 
   139   000F95                     DDRD            equ	3989	;# 
   140   000F96                     TRISE           equ	3990	;# 
   141   000F96                     DDRE            equ	3990	;# 
   142   000F9B                     OSCTUNE         equ	3995	;# 
   143   000F9D                     PIE1            equ	3997	;# 
   144   000F9E                     PIR1            equ	3998	;# 
   145   000F9F                     IPR1            equ	3999	;# 
   146   000FA0                     PIE2            equ	4000	;# 
   147   000FA1                     PIR2            equ	4001	;# 
   148   000FA2                     IPR2            equ	4002	;# 
   149   000FA6                     EECON1          equ	4006	;# 
   150   000FA7                     EECON2          equ	4007	;# 
   151   000FA8                     EEDATA          equ	4008	;# 
   152   000FA9                     EEADR           equ	4009	;# 
   153   000FAB                     RCSTA           equ	4011	;# 
   154   000FAB                     RCSTA1          equ	4011	;# 
   155   000FAC                     TXSTA           equ	4012	;# 
   156   000FAC                     TXSTA1          equ	4012	;# 
   157   000FAD                     TXREG           equ	4013	;# 
   158   000FAD                     TXREG1          equ	4013	;# 
   159   000FAE                     RCREG           equ	4014	;# 
   160   000FAE                     RCREG1          equ	4014	;# 
   161   000FAF                     SPBRG           equ	4015	;# 
   162   000FAF                     SPBRG1          equ	4015	;# 
   163   000FB0                     SPBRGH          equ	4016	;# 
   164   000FB1                     T3CON           equ	4017	;# 
   165   000FB2                     TMR3            equ	4018	;# 
   166   000FB2                     TMR3L           equ	4018	;# 
   167   000FB3                     TMR3H           equ	4019	;# 
   168   000FB4                     CMCON           equ	4020	;# 
   169   000FB5                     CVRCON          equ	4021	;# 
   170   000FB6                     ECCP1AS         equ	4022	;# 
   171   000FB6                     CCP1AS          equ	4022	;# 
   172   000FB7                     ECCP1DEL        equ	4023	;# 
   173   000FB7                     CCP1DEL         equ	4023	;# 
   174   000FB8                     BAUDCON         equ	4024	;# 
   175   000FB8                     BAUDCTL         equ	4024	;# 
   176   000FBA                     CCP2CON         equ	4026	;# 
   177   000FBB                     CCPR2           equ	4027	;# 
   178   000FBB                     CCPR2L          equ	4027	;# 
   179   000FBC                     CCPR2H          equ	4028	;# 
   180   000FBD                     CCP1CON         equ	4029	;# 
   181   000FBD                     ECCP1CON        equ	4029	;# 
   182   000FBE                     CCPR1           equ	4030	;# 
   183   000FBE                     CCPR1L          equ	4030	;# 
   184   000FBF                     CCPR1H          equ	4031	;# 
   185   000FC0                     ADCON2          equ	4032	;# 
   186   000FC1                     ADCON1          equ	4033	;# 
   187   000FC2                     ADCON0          equ	4034	;# 
   188   000FC3                     ADRES           equ	4035	;# 
   189   000FC3                     ADRESL          equ	4035	;# 
   190   000FC4                     ADRESH          equ	4036	;# 
   191   000FC5                     SSPCON2         equ	4037	;# 
   192   000FC6                     SSPCON1         equ	4038	;# 
   193   000FC7                     SSPSTAT         equ	4039	;# 
   194   000FC8                     SSPADD          equ	4040	;# 
   195   000FC9                     SSPBUF          equ	4041	;# 
   196   000FCA                     T2CON           equ	4042	;# 
   197   000FCB                     PR2             equ	4043	;# 
   198   000FCB                     MEMCON          equ	4043	;# 
   199   000FCC                     TMR2            equ	4044	;# 
   200   000FCD                     T1CON           equ	4045	;# 
   201   000FCE                     TMR1            equ	4046	;# 
   202   000FCE                     TMR1L           equ	4046	;# 
   203   000FCF                     TMR1H           equ	4047	;# 
   204   000FD0                     RCON            equ	4048	;# 
   205   000FD1                     WDTCON          equ	4049	;# 
   206   000FD2                     HLVDCON         equ	4050	;# 
   207   000FD2                     LVDCON          equ	4050	;# 
   208   000FD3                     OSCCON          equ	4051	;# 
   209   000FD5                     T0CON           equ	4053	;# 
   210   000FD6                     TMR0            equ	4054	;# 
   211   000FD6                     TMR0L           equ	4054	;# 
   212   000FD7                     TMR0H           equ	4055	;# 
   213   000FD8                     STATUS          equ	4056	;# 
   214   000FD9                     FSR2            equ	4057	;# 
   215   000FD9                     FSR2L           equ	4057	;# 
   216   000FDA                     FSR2H           equ	4058	;# 
   217   000FDB                     PLUSW2          equ	4059	;# 
   218   000FDC                     PREINC2         equ	4060	;# 
   219   000FDD                     POSTDEC2        equ	4061	;# 
   220   000FDE                     POSTINC2        equ	4062	;# 
   221   000FDF                     INDF2           equ	4063	;# 
   222   000FE0                     BSR             equ	4064	;# 
   223   000FE1                     FSR1            equ	4065	;# 
   224   000FE1                     FSR1L           equ	4065	;# 
   225   000FE2                     FSR1H           equ	4066	;# 
   226   000FE3                     PLUSW1          equ	4067	;# 
   227   000FE4                     PREINC1         equ	4068	;# 
   228   000FE5                     POSTDEC1        equ	4069	;# 
   229   000FE6                     POSTINC1        equ	4070	;# 
   230   000FE7                     INDF1           equ	4071	;# 
   231   000FE8                     WREG            equ	4072	;# 
   232   000FE9                     FSR0            equ	4073	;# 
   233   000FE9                     FSR0L           equ	4073	;# 
   234   000FEA                     FSR0H           equ	4074	;# 
   235   000FEB                     PLUSW0          equ	4075	;# 
   236   000FEC                     PREINC0         equ	4076	;# 
   237   000FED                     POSTDEC0        equ	4077	;# 
   238   000FEE                     POSTINC0        equ	4078	;# 
   239   000FEF                     INDF0           equ	4079	;# 
   240   000FF0                     INTCON3         equ	4080	;# 
   241   000FF1                     INTCON2         equ	4081	;# 
   242   000FF2                     INTCON          equ	4082	;# 
   243   000FF3                     PROD            equ	4083	;# 
   244   000FF3                     PRODL           equ	4083	;# 
   245   000FF4                     PRODH           equ	4084	;# 
   246   000FF5                     TABLAT          equ	4085	;# 
   247   000FF6                     TBLPTR          equ	4086	;# 
   248   000FF6                     TBLPTRL         equ	4086	;# 
   249   000FF7                     TBLPTRH         equ	4087	;# 
   250   000FF8                     TBLPTRU         equ	4088	;# 
   251   000FF9                     PCLAT           equ	4089	;# 
   252   000FF9                     PC              equ	4089	;# 
   253   000FF9                     PCL             equ	4089	;# 
   254   000FFA                     PCLATH          equ	4090	;# 
   255   000FFB                     PCLATU          equ	4091	;# 
   256   000FFC                     STKPTR          equ	4092	;# 
   257   000FFD                     TOS             equ	4093	;# 
   258   000FFD                     TOSL            equ	4093	;# 
   259   000FFE                     TOSH            equ	4094	;# 
   260   000FFF                     TOSU            equ	4095	;# 
   261   000F81                     _PORTBbits      set	3969
   262   000F8C                     _LATD           set	3980
   263   000FF1                     _INTCON2bits    set	4081
   264   000FC1                     _ADCON1         set	4033
   265   000F92                     _TRISA          set	3986
   266   000F95                     _TRISD          set	3989
   267   000F93                     _TRISB          set	3987
   268                           
   269                           ; #config settings
   270                           
   271                           	psect	cinit
   272   00090A                     __pcinit:
   273                           	callstack 0
   274   00090A                     start_initialization:
   275                           	callstack 0
   276   00090A                     __initialization:
   277                           	callstack 0
   278   00090A                     end_of_initialization:
   279                           	callstack 0
   280   00090A                     __end_of__initialization:
   281                           	callstack 0
   282   00090A  0100               	movlb	0
   283   00090C  EF01  F004         	goto	_main	;jump to C main() function
   284                           
   285                           	psect	cstackCOMRAM
   286   000001                     __pcstackCOMRAM:
   287                           	callstack 0
   288   000001                     ??_delay_500ms:
   289                           
   290                           ; 1 bytes @ 0x0
   291   000001                     	ds	2
   292   000003                     ??_main:
   293                           
   294                           ; 1 bytes @ 0x2
   295   000003                     	ds	3
   296   000006                     main@i:
   297                           	callstack 0
   298                           
   299                           ; 1 bytes @ 0x5
   300   000006                     	ds	1
   301                           
   302 ;;
   303 ;;Main: autosize = 0, tempsize = 3, incstack = 0, save=0
   304 ;;
   305 ;; *************** function _main *****************
   306 ;; Defined at:
   307 ;;		line 18 in file "newmain.c"
   308 ;; Parameters:    Size  Location     Type
   309 ;;		None
   310 ;; Auto vars:     Size  Location     Type
   311 ;;  i               1    5[COMRAM] unsigned char 
   312 ;;  estado_setas    1    0        unsigned char 
   313 ;; Return value:  Size  Location     Type
   314 ;;                  1    wreg      void 
   315 ;; Registers used:
   316 ;;		wreg, status,2, status,0, cstack
   317 ;; Tracked objects:
   318 ;;		On entry : 0/0
   319 ;;		On exit  : 0/0
   320 ;;		Unchanged: 0/0
   321 ;; Data sizes:     COMRAM   BANK0   BANK1   BANK2   BANK3   BANK4   BANK5   BANK6   BANK7
   322 ;;      Params:         0       0       0       0       0       0       0       0       0
   323 ;;      Locals:         1       0       0       0       0       0       0       0       0
   324 ;;      Temps:          3       0       0       0       0       0       0       0       0
   325 ;;      Totals:         4       0       0       0       0       0       0       0       0
   326 ;;Total ram usage:        4 bytes
   327 ;; Hardware stack levels required when called: 1
   328 ;; This function calls:
   329 ;;		_delay_500ms
   330 ;; This function is called by:
   331 ;;		Startup code after reset
   332 ;; This function uses a non-reentrant model
   333 ;;
   334                           
   335                           	psect	text0
   336   000802                     __ptext0:
   337                           	callstack 0
   338   000802                     _main:
   339                           	callstack 30
   340   000802                     
   341                           ;newmain.c: 24:     while(1)
   342   000802  0E06               	movlw	6
   343   000804  6E93               	movwf	147,c	;volatile
   344   000806                     
   345                           ;newmain.c: 25:     {
   346   000806  6A95               	clrf	149,c	;volatile
   347   000808                     
   348                           ;newmain.c: 26: 
   349   000808  6A92               	clrf	146,c	;volatile
   350                           
   351                           ;newmain.c: 28:         {
   352   00080A  0E0F               	movlw	15
   353   00080C  6EC1               	movwf	193,c	;volatile
   354   00080E                     
   355                           ;newmain.c: 29: 
   356   00080E  9EF1               	bcf	241,7,c	;volatile
   357   000810                     l837:
   358                           
   359                           ;newmain.c: 31:             {
   360   000810  6A8C               	clrf	140,c	;volatile
   361   000812                     
   362                           ;newmain.c: 34:             };newmain.c: 36: 
   363   000812  B281               	btfsc	129,1,c	;volatile
   364   000814  EF0E  F004         	goto	u11
   365   000818  EF10  F004         	goto	u10
   366   00081C                     u11:
   367   00081C  EF40  F004         	goto	l25
   368   000820                     u10:
   369   000820                     
   370                           ;newmain.c: 37:             while(PORTBbits.RB1 == 0);newmain.c: 39: 
   371   000820  6A06               	clrf	main@i^0,c
   372   000822                     l843:
   373   000822  0E03               	movlw	3
   374   000824  6406               	cpfsgt	main@i^0,c
   375   000826  EF17  F004         	goto	u21
   376   00082A  EF19  F004         	goto	u20
   377   00082E                     u21:
   378   00082E  EF1B  F004         	goto	l847
   379   000832                     u20:
   380   000832  EF39  F004         	goto	l863
   381   000836                     l847:
   382                           
   383                           ;newmain.c: 40:                 LATD = 0x0F;;newmain.c: 41:                 delay_500ms(
      +                          );
   384   000836  C006  F003         	movff	main@i,??_main
   385   00083A  0E04               	movlw	4
   386   00083C  6E04               	movwf	(??_main+1)^0,c
   387   00083E  0E00               	movlw	0
   388   000840  6E05               	movwf	(??_main+2)^0,c
   389   000842  2A03               	incf	??_main^0,f,c
   390   000844  EF27  F004         	goto	u34
   391   000848                     u35:
   392   000848  3405               	rlcf	(??_main+2)^0,w,c
   393   00084A  3205               	rrcf	(??_main+2)^0,f,c
   394   00084C  3204               	rrcf	(??_main+1)^0,f,c
   395   00084E                     u34:
   396   00084E  2E03               	decfsz	??_main^0,f,c
   397   000850  EF24  F004         	goto	u35
   398   000854  5004               	movf	(??_main+1)^0,w,c
   399   000856  0908               	iorlw	8
   400   000858  6E8C               	movwf	140,c	;volatile
   401   00085A                     
   402                           ;newmain.c: 42:                 LATD = 0x00;
   403   00085A  EC78  F004         	call	_delay_500ms	;wreg free
   404   00085E                     
   405                           ;newmain.c: 43:                 delay_500ms();
   406   00085E  2A06               	incf	main@i^0,f,c
   407   000860  EF11  F004         	goto	l843
   408   000864                     l855:
   409                           
   410                           ;newmain.c: 47: ;newmain.c: 49:         {
   411   000864  0E0F               	movlw	15
   412   000866  6E8C               	movwf	140,c	;volatile
   413   000868                     
   414                           ;newmain.c: 50: 
   415   000868  EC78  F004         	call	_delay_500ms	;wreg free
   416   00086C                     
   417                           ;newmain.c: 51:             for(i = 0; i < 4; i++)
   418   00086C  6A8C               	clrf	140,c	;volatile
   419   00086E                     
   420                           ;newmain.c: 52:             {
   421   00086E  EC78  F004         	call	_delay_500ms	;wreg free
   422   000872                     l863:
   423                           
   424                           ;newmain.c: 46: 
   425   000872  A281               	btfss	129,1,c	;volatile
   426   000874  EF3E  F004         	goto	u41
   427   000878  EF40  F004         	goto	u40
   428   00087C                     u41:
   429   00087C  EF32  F004         	goto	l855
   430   000880                     u40:
   431   000880                     l25:
   432                           
   433                           ;newmain.c: 57: 
   434   000880  B481               	btfsc	129,2,c	;volatile
   435   000882  EF45  F004         	goto	u51
   436   000886  EF47  F004         	goto	u50
   437   00088A                     u51:
   438   00088A  EF08  F004         	goto	l837
   439   00088E                     u50:
   440   00088E                     
   441                           ;newmain.c: 58:             while(PORTBbits.RB2 == 0);newmain.c: 60: 
   442   00088E  6A06               	clrf	main@i^0,c
   443   000890                     l867:
   444   000890  0E03               	movlw	3
   445   000892  6406               	cpfsgt	main@i^0,c
   446   000894  EF4E  F004         	goto	u61
   447   000898  EF50  F004         	goto	u60
   448   00089C                     u61:
   449   00089C  EF52  F004         	goto	l871
   450   0008A0                     u60:
   451   0008A0  EF6D  F004         	goto	l887
   452   0008A4                     l871:
   453                           
   454                           ;newmain.c: 61:                 LATD = 0xF0;;newmain.c: 62:                 delay_500ms(
      +                          );
   455   0008A4  C006  F003         	movff	main@i,??_main
   456   0008A8  0E20               	movlw	32
   457   0008AA  6E04               	movwf	(??_main+1)^0,c
   458   0008AC  2A03               	incf	??_main^0,f,c
   459   0008AE  EF5B  F004         	goto	u74
   460   0008B2                     u75:
   461   0008B2  90D8               	bcf	status,0,c
   462   0008B4  3604               	rlcf	(??_main+1)^0,f,c
   463   0008B6                     u74:
   464   0008B6  2E03               	decfsz	??_main^0,f,c
   465   0008B8  EF59  F004         	goto	u75
   466   0008BC  5004               	movf	(??_main+1)^0,w,c
   467   0008BE  0910               	iorlw	16
   468   0008C0  6E8C               	movwf	140,c	;volatile
   469   0008C2                     
   470                           ;newmain.c: 63:                 LATD = 0x00;
   471   0008C2  EC78  F004         	call	_delay_500ms	;wreg free
   472   0008C6                     
   473                           ;newmain.c: 64:                 delay_500ms();
   474   0008C6  2A06               	incf	main@i^0,f,c
   475   0008C8  EF48  F004         	goto	l867
   476   0008CC                     l879:
   477                           
   478                           ;newmain.c: 68: ;newmain.c: 70:     }
   479   0008CC  0EF0               	movlw	240
   480   0008CE  6E8C               	movwf	140,c	;volatile
   481   0008D0                     
   482                           ;newmain.c: 71: }
   483   0008D0  EC78  F004         	call	_delay_500ms	;wreg free
   484   0008D4  6A8C               	clrf	140,c	;volatile
   485   0008D6  EC78  F004         	call	_delay_500ms	;wreg free
   486   0008DA                     l887:
   487                           
   488                           ;newmain.c: 67: 
   489   0008DA  A481               	btfss	129,2,c	;volatile
   490   0008DC  EF72  F004         	goto	u81
   491   0008E0  EF74  F004         	goto	u80
   492   0008E4                     u81:
   493   0008E4  EF66  F004         	goto	l879
   494   0008E8                     u80:
   495   0008E8  EF08  F004         	goto	l837
   496   0008EC  EFFE  F03F         	goto	start
   497   0008F0                     __end_of_main:
   498                           	callstack 0
   499                           
   500 ;; *************** function _delay_500ms *****************
   501 ;; Defined at:
   502 ;;		line 14 in file "newmain.c"
   503 ;; Parameters:    Size  Location     Type
   504 ;;		None
   505 ;; Auto vars:     Size  Location     Type
   506 ;;		None
   507 ;; Return value:  Size  Location     Type
   508 ;;                  1    wreg      void 
   509 ;; Registers used:
   510 ;;		wreg
   511 ;; Tracked objects:
   512 ;;		On entry : 0/0
   513 ;;		On exit  : 0/0
   514 ;;		Unchanged: 0/0
   515 ;; Data sizes:     COMRAM   BANK0   BANK1   BANK2   BANK3   BANK4   BANK5   BANK6   BANK7
   516 ;;      Params:         0       0       0       0       0       0       0       0       0
   517 ;;      Locals:         0       0       0       0       0       0       0       0       0
   518 ;;      Temps:          2       0       0       0       0       0       0       0       0
   519 ;;      Totals:         2       0       0       0       0       0       0       0       0
   520 ;;Total ram usage:        2 bytes
   521 ;; Hardware stack levels used: 1
   522 ;; This function calls:
   523 ;;		Nothing
   524 ;; This function is called by:
   525 ;;		_main
   526 ;; This function uses a non-reentrant model
   527 ;;
   528                           
   529                           	psect	text1
   530   0008F0                     __ptext1:
   531                           	callstack 0
   532   0008F0                     _delay_500ms:
   533                           	callstack 30
   534   0008F0                     
   535                           ;newmain.c: 15:     TRISB = 0b00000110;
   536   0008F0  0E0D               	movlw	13
   537   0008F2  6E02               	movwf	(??_delay_500ms+1)^0,c
   538   0008F4  0EAF               	movlw	175
   539   0008F6  6E01               	movwf	??_delay_500ms^0,c
   540   0008F8  0EB6               	movlw	182
   541   0008FA                     u97:
   542   0008FA  2EE8               	decfsz	wreg,f,c
   543   0008FC  D7FE               	bra	u97
   544   0008FE  2E01               	decfsz	??_delay_500ms^0,f,c
   545   000900  D7FC               	bra	u97
   546   000902  2E02               	decfsz	(??_delay_500ms+1)^0,f,c
   547   000904  D7FA               	bra	u97
   548   000906  D000               	nop2	
   549   000908  0012               	return		;funcret
   550   00090A                     __end_of_delay_500ms:
   551                           	callstack 0
   552                           
   553                           	psect	smallconst
   554   000800                     __psmallconst:
   555                           	callstack 0
   556   000800  00                 	db	0
   557   000801  00                 	db	0	; dummy byte at the end
   558   000800                     __smallconst    set	__psmallconst
   559   000800                     __mediumconst   set	__psmallconst
   560   000000                     __activetblptr  equ	0
   561                           
   562                           	psect	rparam
   563   000001                     ___rparam_used  equ	1
   564   000000                     ___param_bank   equ	0
   565   000000                     __Lparam        equ	__Lrparam
   566   000000                     __Hparam        equ	__Hrparam
   567                           
   568                           	psect	idloc
   569                           
   570                           ;Config register IDLOC0 @ 0x200000
   571                           ;	unspecified, using default values
   572   200000                     	org	2097152
   573   200000  FF                 	db	255
   574                           
   575                           ;Config register IDLOC1 @ 0x200001
   576                           ;	unspecified, using default values
   577   200001                     	org	2097153
   578   200001  FF                 	db	255
   579                           
   580                           ;Config register IDLOC2 @ 0x200002
   581                           ;	unspecified, using default values
   582   200002                     	org	2097154
   583   200002  FF                 	db	255
   584                           
   585                           ;Config register IDLOC3 @ 0x200003
   586                           ;	unspecified, using default values
   587   200003                     	org	2097155
   588   200003  FF                 	db	255
   589                           
   590                           ;Config register IDLOC4 @ 0x200004
   591                           ;	unspecified, using default values
   592   200004                     	org	2097156
   593   200004  FF                 	db	255
   594                           
   595                           ;Config register IDLOC5 @ 0x200005
   596                           ;	unspecified, using default values
   597   200005                     	org	2097157
   598   200005  FF                 	db	255
   599                           
   600                           ;Config register IDLOC6 @ 0x200006
   601                           ;	unspecified, using default values
   602   200006                     	org	2097158
   603   200006  FF                 	db	255
   604                           
   605                           ;Config register IDLOC7 @ 0x200007
   606                           ;	unspecified, using default values
   607   200007                     	org	2097159
   608   200007  FF                 	db	255
   609                           
   610                           	psect	config
   611                           
   612                           ;Config register CONFIG1L @ 0x300000
   613                           ;	PLL Prescaler Selection bits
   614                           ;	PLLDIV = 0x0, unprogrammed default
   615                           ;	System Clock Postscaler Selection bits
   616                           ;	CPUDIV = OSC1_PLL2, [Primary Oscillator Src: /1][96 MHz PLL Src: /2]
   617                           ;	USB Clock Selection bit (used in Full-Speed USB mode only; UCFG:FSEN = 1)
   618                           ;	USBDIV = 0x0, unprogrammed default
   619   300000                     	org	3145728
   620   300000  00                 	db	0
   621                           
   622                           ;Config register CONFIG1H @ 0x300001
   623                           ;	Oscillator Selection bits
   624                           ;	FOSC = HS, HS oscillator (HS)
   625                           ;	Fail-Safe Clock Monitor Enable bit
   626                           ;	FCMEN = 0x0, unprogrammed default
   627                           ;	Internal/External Oscillator Switchover bit
   628                           ;	IESO = 0x0, unprogrammed default
   629   300001                     	org	3145729
   630   300001  0C                 	db	12
   631                           
   632                           ;Config register CONFIG2L @ 0x300002
   633                           ;	unspecified, using default values
   634                           ;	Power-up Timer Enable bit
   635                           ;	PWRT = 0x1, unprogrammed default
   636                           ;	Brown-out Reset Enable bits
   637                           ;	BOR = 0x3, unprogrammed default
   638                           ;	Brown-out Reset Voltage bits
   639                           ;	BORV = 0x3, unprogrammed default
   640                           ;	USB Voltage Regulator Enable bit
   641                           ;	VREGEN = 0x0, unprogrammed default
   642   300002                     	org	3145730
   643   300002  1F                 	db	31
   644                           
   645                           ;Config register CONFIG2H @ 0x300003
   646                           ;	Watchdog Timer Enable bit
   647                           ;	WDT = OFF, WDT disabled (control is placed on the SWDTEN bit)
   648                           ;	Watchdog Timer Postscale Select bits
   649                           ;	WDTPS = 0xF, unprogrammed default
   650   300003                     	org	3145731
   651   300003  1E                 	db	30
   652                           
   653                           ; Padding undefined space
   654   300004                     	org	3145732
   655   300004  FF                 	db	255
   656                           
   657                           ;Config register CONFIG3H @ 0x300005
   658                           ;	CCP2 MUX bit
   659                           ;	CCP2MX = 0x1, unprogrammed default
   660                           ;	PORTB A/D Enable bit
   661                           ;	PBADEN = OFF, PORTB<4:0> pins are configured as digital I/O on Reset
   662                           ;	Low-Power Timer 1 Oscillator Enable bit
   663                           ;	LPT1OSC = 0x0, unprogrammed default
   664                           ;	MCLR Pin Enable bit
   665                           ;	MCLRE = 0x1, unprogrammed default
   666   300005                     	org	3145733
   667   300005  81                 	db	129
   668                           
   669                           ;Config register CONFIG4L @ 0x300006
   670                           ;	Stack Full/Underflow Reset Enable bit
   671                           ;	STVREN = 0x1, unprogrammed default
   672                           ;	Single-Supply ICSP Enable bit
   673                           ;	LVP = OFF, Single-Supply ICSP disabled
   674                           ;	Dedicated In-Circuit Debug/Programming Port (ICPORT) Enable bit
   675                           ;	ICPRT = 0x0, unprogrammed default
   676                           ;	Extended Instruction Set Enable bit
   677                           ;	XINST = 0x0, unprogrammed default
   678                           ;	Background Debugger Enable bit
   679                           ;	DEBUG = 0x1, unprogrammed default
   680   300006                     	org	3145734
   681   300006  81                 	db	129
   682                           
   683                           ; Padding undefined space
   684   300007                     	org	3145735
   685   300007  FF                 	db	255
   686                           
   687                           ;Config register CONFIG5L @ 0x300008
   688                           ;	unspecified, using default values
   689                           ;	Code Protection bit
   690                           ;	CP0 = 0x1, unprogrammed default
   691                           ;	Code Protection bit
   692                           ;	CP1 = 0x1, unprogrammed default
   693                           ;	Code Protection bit
   694                           ;	CP2 = 0x1, unprogrammed default
   695                           ;	Code Protection bit
   696                           ;	CP3 = 0x1, unprogrammed default
   697   300008                     	org	3145736
   698   300008  0F                 	db	15
   699                           
   700                           ;Config register CONFIG5H @ 0x300009
   701                           ;	unspecified, using default values
   702                           ;	Boot Block Code Protection bit
   703                           ;	CPB = 0x1, unprogrammed default
   704                           ;	Data EEPROM Code Protection bit
   705                           ;	CPD = 0x1, unprogrammed default
   706   300009                     	org	3145737
   707   300009  C0                 	db	192
   708                           
   709                           ;Config register CONFIG6L @ 0x30000A
   710                           ;	unspecified, using default values
   711                           ;	Write Protection bit
   712                           ;	WRT0 = 0x1, unprogrammed default
   713                           ;	Write Protection bit
   714                           ;	WRT1 = 0x1, unprogrammed default
   715                           ;	Write Protection bit
   716                           ;	WRT2 = 0x1, unprogrammed default
   717                           ;	Write Protection bit
   718                           ;	WRT3 = 0x1, unprogrammed default
   719   30000A                     	org	3145738
   720   30000A  0F                 	db	15
   721                           
   722                           ;Config register CONFIG6H @ 0x30000B
   723                           ;	unspecified, using default values
   724                           ;	Configuration Register Write Protection bit
   725                           ;	WRTC = 0x1, unprogrammed default
   726                           ;	Boot Block Write Protection bit
   727                           ;	WRTB = 0x1, unprogrammed default
   728                           ;	Data EEPROM Write Protection bit
   729                           ;	WRTD = 0x1, unprogrammed default
   730   30000B                     	org	3145739
   731   30000B  E0                 	db	224
   732                           
   733                           ;Config register CONFIG7L @ 0x30000C
   734                           ;	unspecified, using default values
   735                           ;	Table Read Protection bit
   736                           ;	EBTR0 = 0x1, unprogrammed default
   737                           ;	Table Read Protection bit
   738                           ;	EBTR1 = 0x1, unprogrammed default
   739                           ;	Table Read Protection bit
   740                           ;	EBTR2 = 0x1, unprogrammed default
   741                           ;	Table Read Protection bit
   742                           ;	EBTR3 = 0x1, unprogrammed default
   743   30000C                     	org	3145740
   744   30000C  0F                 	db	15
   745                           
   746                           ;Config register CONFIG7H @ 0x30000D
   747                           ;	unspecified, using default values
   748                           ;	Boot Block Table Read Protection bit
   749                           ;	EBTRB = 0x1, unprogrammed default
   750   30000D                     	org	3145741
   751   30000D  40                 	db	64
   752                           tosu	equ	0xFFF
   753                           tosh	equ	0xFFE
   754                           tosl	equ	0xFFD
   755                           stkptr	equ	0xFFC
   756                           pclatu	equ	0xFFB
   757                           pclath	equ	0xFFA
   758                           pcl	equ	0xFF9
   759                           tblptru	equ	0xFF8
   760                           tblptrh	equ	0xFF7
   761                           tblptrl	equ	0xFF6
   762                           tablat	equ	0xFF5
   763                           prodh	equ	0xFF4
   764                           prodl	equ	0xFF3
   765                           indf0	equ	0xFEF
   766                           postinc0	equ	0xFEE
   767                           postdec0	equ	0xFED
   768                           preinc0	equ	0xFEC
   769                           plusw0	equ	0xFEB
   770                           fsr0h	equ	0xFEA
   771                           fsr0l	equ	0xFE9
   772                           wreg	equ	0xFE8
   773                           indf1	equ	0xFE7
   774                           postinc1	equ	0xFE6
   775                           postdec1	equ	0xFE5
   776                           preinc1	equ	0xFE4
   777                           plusw1	equ	0xFE3
   778                           fsr1h	equ	0xFE2
   779                           fsr1l	equ	0xFE1
   780                           bsr	equ	0xFE0
   781                           indf2	equ	0xFDF
   782                           postinc2	equ	0xFDE
   783                           postdec2	equ	0xFDD
   784                           preinc2	equ	0xFDC
   785                           plusw2	equ	0xFDB
   786                           fsr2h	equ	0xFDA
   787                           fsr2l	equ	0xFD9
   788                           status	equ	0xFD8

Data Sizes:
    Strings     0
    Constant    0
    Data        0
    BSS         0
    Persistent  0
    Stack       0

Auto Spaces:
    Space          Size  Autos    Used
    COMRAM           95      6       6
    BANK0           160      0       0
    BANK1           256      0       0
    BANK2           256      0       0
    BANK3           256      0       0
    BANK4           256      0       0
    BANK5           256      0       0
    BANK6           256      0       0
    BANK7           256      0       0

Pointer List with Targets:

    None.

Critical Paths under _main in COMRAM

    _main->_delay_500ms

Critical Paths under _main in BANK0

    None.

Critical Paths under _main in BANK1

    None.

Critical Paths under _main in BANK2

    None.

Critical Paths under _main in BANK3

    None.

Critical Paths under _main in BANK4

    None.

Critical Paths under _main in BANK5

    None.

Critical Paths under _main in BANK6

    None.

Critical Paths under _main in BANK7

    None.

Call Graph Tables:

 ---------------------------------------------------------------------------------
 (Depth) Function   	        Calls       Base Space   Used Autos Params    Refs
 ---------------------------------------------------------------------------------
 (0) _main                                                 5     5      0      90
                                              2 COMRAM     4     4      0
                        _delay_500ms
 ---------------------------------------------------------------------------------
 (1) _delay_500ms                                          2     2      0       0
                                              0 COMRAM     2     2      0
 ---------------------------------------------------------------------------------
 Estimated maximum stack depth 1
 ---------------------------------------------------------------------------------

 Call Graph Graphs:

 _main (ROOT)
   _delay_500ms

Address spaces:
Name               Size   Autos  Total    Usage
BITCOMRAM           95      0       0      0.0%
BITBANK0           160      0       0      0.0%
BITBANK1           256      0       0      0.0%
BITBANK2           256      0       0      0.0%
BITBANK3           256      0       0      0.0%
BITBANK4           256      0       0      0.0%
BITBANK5           256      0       0      0.0%
BITBANK6           256      0       0      0.0%
BITBANK7           256      0       0      0.0%
BITBIGSFRh         126      0       0      0.0%
BITBIGSFRl          33      0       0      0.0%
COMRAM              95      6       6      6.3%
BANK0              160      0       0      0.0%
BANK1              256      0       0      0.0%
BANK2              256      0       0      0.0%
BANK3              256      0       0      0.0%
BANK4              256      0       0      0.0%
BANK5              256      0       0      0.0%
BANK6              256      0       0      0.0%
BANK7              256      0       0      0.0%
BIGRAM            2047      0       0      0.0%
STACK                0      0       0      0.0%
DATA                 0      0       6      0.0%


Microchip Technology PIC18 Macro Assembler V3.10 build 20250813170317 
Symbol Table                                                                                   Thu Jun 25 10:29:38 2026

                     l25 0880                       l19 0908                       u10 0820  
                     u11 081C                       u20 0832                       u21 082E  
                     u40 0880                       u41 087C                       u50 088E  
                     u34 084E                       u51 088A                       u35 0848  
                     u60 08A0                       u61 089C                       u80 08E8  
                     u81 08E4                       u74 08B6                       u75 08B2  
                     u97 08FA                      l831 0806                      l825 08F0  
                    l841 0820                      l833 0808                      l851 085E  
                    l843 0822                      l835 080E                      l827 0802  
                    l861 086E                      l837 0810                      l829 0802  
                    l871 08A4                      l855 0864                      l863 0872  
                    l847 0836                      l839 0812                      l881 08D0  
                    l873 08C2                      l865 088E                      l857 0868  
                    l849 085A                      l883 08D4                      l875 08C6  
                    l867 0890                      l859 086C                      l885 08D6  
                    l879 08CC                      l887 08DA                      wreg 0FE8  
                   _LATD 0F8C                     _main 0802                     start 7FFC  
           ___param_bank 0000                    ?_main 0001                    _TRISA 0F92  
                  _TRISB 0F93                    _TRISD 0F95                    main@i 0006  
                  status 0FD8          __initialization 090A             __end_of_main 08F0  
                 ??_main 0003            __activetblptr 0000                   _ADCON1 0FC1  
                 isa$std 0001             __mediumconst 0800               __accesstop 0060  
__end_of__initialization 090A            ___rparam_used 0001           __pcstackCOMRAM 0001  
                __Hparam 0000                  __Lparam 0000             __psmallconst 0800  
                __pcinit 090A                  __ramtop 0800                  __ptext0 0802  
                __ptext1 08F0            ??_delay_500ms 0001     end_of_initialization 090A  
              _PORTBbits 0F81      __end_of_delay_500ms 090A      start_initialization 090A  
            _delay_500ms 08F0              __smallconst 0800              _INTCON2bits 0FF1  
               __Hrparam 0000                 __Lrparam 0000                 isa$xinst 0000  
           ?_delay_500ms 0001  
