

Microchip MPLAB XC8 Assembler V3.10 build 20250813170317 
                                                                                               Thu Jun 25 10:47:48 2026

Microchip MPLAB XC8 C Compiler v3.10 (Free license) build 20250813170317 Og1 
     1                           	processor	18F4550
     2                           	fnconf	rparam,??,?,0
     3                           	pagewidth 120
     4                           	opt	flic
     5                           	psect	smallconst,global,reloc=2,class=SMALLCONST,space=0,delta=1,noexec
     6                           	psect	cinit,global,reloc=2,class=CODE,space=0,delta=1
     7                           	psect	cstackCOMRAM,global,class=COMRAM,space=1,delta=1,lowdata,noexec
     8                           	psect	text0,global,reloc=2,class=CODE,space=0,delta=1
     9                           	psect	intsave_regs,global,class=BIGRAM,space=1,delta=1,noexec
    10                           	psect	rparam,global,class=COMRAM,space=1,delta=1,noexec
    11                           	psect	idloc,global,abs,ovrld,class=IDLOC,space=5,delta=1,noexec
    12                           	psect	config,global,abs,ovrld,class=CONFIG,space=4,delta=1,noexec
    13   000000                     
    14                           ; Version 2.40
    15                           ; Generated 17/11/2021 GMT
    16                           ; 
    17                           ; Copyright © 2021, Microchip Technology Inc. and its subsidiaries ("Microchip")
    18                           ; All rights reserved.
    19                           ; 
    20                           ; This software is developed by Microchip Technology Inc. and its subsidiaries ("Microch
      +                          ip").
    21                           ; 
    22                           ; Redistribution and use in source and binary forms, with or without modification, are
    23                           ; permitted provided that the following conditions are met:
    24                           ; 
    25                           ;     1. Redistributions of source code must retain the above copyright notice, this lis
      +                          t of
    26                           ;        conditions and the following disclaimer.
    27                           ; 
    28                           ;     2. Redistributions in binary form must reproduce the above copyright notice, this 
      +                          list
    29                           ;        of conditions and the following disclaimer in the documentation and/or other
    30                           ;        materials provided with the distribution. Publication is not required when
    31                           ;        this file is used in an embedded application.
    32                           ; 
    33                           ;     3. Microchip's name may not be used to endorse or promote products derived from th
      +                          is
    34                           ;        software without specific prior written permission.
    35                           ; 
    36                           ; THIS SOFTWARE IS PROVIDED BY MICROCHIP "AS IS" AND ANY EXPRESS OR IMPLIED WARRANTIES,
    37                           ; INCLUDING, BUT NOT LIMITED TO, THE IMPLIED WARRANTIES OF MERCHANTABILITY AND FITNESS F
      +                          OR
    38                           ; PURPOSE ARE DISCLAIMED.  IN NO EVENT SHALL MICROCHIP BE LIABLE FOR ANY DIRECT, INDIREC
      +                          T,
    39                           ; INCIDENTAL, SPECIAL, EXEMPLARY, OR CONSEQUENTIAL DAMAGES (INCLUDING BUT NOT LIMITED TO
    40                           ; PROCUREMENT OF SUBSTITUTE GOODS OR SERVICES; LOSS OF USE, DATA OR PROFITS; OR BUSINESS
    41                           ; INTERRUPTION) HOWSOEVER CAUSED AND ON ANY THEORY OF LIABILITY, WHETHER IN CONTRACT, ST
      +                          RICT
    42                           ; LIABILITY, OR TORT (INCLUDING NEGLIGENCE OR OTHERWISE) ARISING IN ANY WAY OUT OF THE U
      +                          SE OF
    43                           ; THIS SOFTWARE, EVEN IF ADVISED OF THE POSSIBILITY OF SUCH DAMAGE.
    44                           ; 
    45                           ; 
    46                           ; Code-generator required, PIC18F4550 Definitions
    47                           ; 
    48                           ; SFR Addresses
    49   000FE0                     bsr             equ	4064
    50   000FE9                     fsr0            equ	4073
    51   000FEA                     fsr0h           equ	4074
    52   000FE9                     fsr0l           equ	4073
    53   000FE1                     fsr1            equ	4065
    54   000FE2                     fsr1h           equ	4066
    55   000FE1                     fsr1l           equ	4065
    56   000FD9                     fsr2            equ	4057
    57   000FDA                     fsr2h           equ	4058
    58   000FD9                     fsr2l           equ	4057
    59   000FEF                     indf0           equ	4079
    60   000FE7                     indf1           equ	4071
    61   000FDF                     indf2           equ	4063
    62   000FF2                     intcon          equ	4082
    63   000000                     nvmcon          equ	0
    64   000FF9                     pcl             equ	4089
    65   000FFA                     pclath          equ	4090
    66   000FFB                     pclatu          equ	4091
    67   000FEB                     plusw0          equ	4075
    68   000FE3                     plusw1          equ	4067
    69   000FDB                     plusw2          equ	4059
    70   000FED                     postdec0        equ	4077
    71   000FE5                     postdec1        equ	4069
    72   000FDD                     postdec2        equ	4061
    73   000FEE                     postinc0        equ	4078
    74   000FE6                     postinc1        equ	4070
    75   000FDE                     postinc2        equ	4062
    76   000FEC                     preinc0         equ	4076
    77   000FE4                     preinc1         equ	4068
    78   000FDC                     preinc2         equ	4060
    79   000FF3                     prod            equ	4083
    80   000FF4                     prodh           equ	4084
    81   000FF3                     prodl           equ	4083
    82   000FD8                     status          equ	4056
    83   000FF5                     tablat          equ	4085
    84   000FF6                     tblptr          equ	4086
    85   000FF7                     tblptrh         equ	4087
    86   000FF6                     tblptrl         equ	4086
    87   000FF8                     tblptru         equ	4088
    88   000FFD                     tosl            equ	4093
    89   000FE8                     wreg            equ	4072
    90   000F62                     SPPDATA         equ	3938	;# 
    91   000F63                     SPPCFG          equ	3939	;# 
    92   000F64                     SPPEPS          equ	3940	;# 
    93   000F65                     SPPCON          equ	3941	;# 
    94   000F66                     UFRM            equ	3942	;# 
    95   000F66                     UFRML           equ	3942	;# 
    96   000F67                     UFRMH           equ	3943	;# 
    97   000F68                     UIR             equ	3944	;# 
    98   000F69                     UIE             equ	3945	;# 
    99   000F6A                     UEIR            equ	3946	;# 
   100   000F6B                     UEIE            equ	3947	;# 
   101   000F6C                     USTAT           equ	3948	;# 
   102   000F6D                     UCON            equ	3949	;# 
   103   000F6E                     UADDR           equ	3950	;# 
   104   000F6F                     UCFG            equ	3951	;# 
   105   000F70                     UEP0            equ	3952	;# 
   106   000F71                     UEP1            equ	3953	;# 
   107   000F72                     UEP2            equ	3954	;# 
   108   000F73                     UEP3            equ	3955	;# 
   109   000F74                     UEP4            equ	3956	;# 
   110   000F75                     UEP5            equ	3957	;# 
   111   000F76                     UEP6            equ	3958	;# 
   112   000F77                     UEP7            equ	3959	;# 
   113   000F78                     UEP8            equ	3960	;# 
   114   000F79                     UEP9            equ	3961	;# 
   115   000F7A                     UEP10           equ	3962	;# 
   116   000F7B                     UEP11           equ	3963	;# 
   117   000F7C                     UEP12           equ	3964	;# 
   118   000F7D                     UEP13           equ	3965	;# 
   119   000F7E                     UEP14           equ	3966	;# 
   120   000F7F                     UEP15           equ	3967	;# 
   121   000F80                     PORTA           equ	3968	;# 
   122   000F81                     PORTB           equ	3969	;# 
   123   000F82                     PORTC           equ	3970	;# 
   124   000F83                     PORTD           equ	3971	;# 
   125   000F84                     PORTE           equ	3972	;# 
   126   000F89                     LATA            equ	3977	;# 
   127   000F8A                     LATB            equ	3978	;# 
   128   000F8B                     LATC            equ	3979	;# 
   129   000F8C                     LATD            equ	3980	;# 
   130   000F8D                     LATE            equ	3981	;# 
   131   000F92                     TRISA           equ	3986	;# 
   132   000F92                     DDRA            equ	3986	;# 
   133   000F93                     TRISB           equ	3987	;# 
   134   000F93                     DDRB            equ	3987	;# 
   135   000F94                     TRISC           equ	3988	;# 
   136   000F94                     DDRC            equ	3988	;# 
   137   000F95                     TRISD           equ	3989	;# 
   138   000F95                     DDRD            equ	3989	;# 
   139   000F96                     TRISE           equ	3990	;# 
   140   000F96                     DDRE            equ	3990	;# 
   141   000F9B                     OSCTUNE         equ	3995	;# 
   142   000F9D                     PIE1            equ	3997	;# 
   143   000F9E                     PIR1            equ	3998	;# 
   144   000F9F                     IPR1            equ	3999	;# 
   145   000FA0                     PIE2            equ	4000	;# 
   146   000FA1                     PIR2            equ	4001	;# 
   147   000FA2                     IPR2            equ	4002	;# 
   148   000FA6                     EECON1          equ	4006	;# 
   149   000FA7                     EECON2          equ	4007	;# 
   150   000FA8                     EEDATA          equ	4008	;# 
   151   000FA9                     EEADR           equ	4009	;# 
   152   000FAB                     RCSTA           equ	4011	;# 
   153   000FAB                     RCSTA1          equ	4011	;# 
   154   000FAC                     TXSTA           equ	4012	;# 
   155   000FAC                     TXSTA1          equ	4012	;# 
   156   000FAD                     TXREG           equ	4013	;# 
   157   000FAD                     TXREG1          equ	4013	;# 
   158   000FAE                     RCREG           equ	4014	;# 
   159   000FAE                     RCREG1          equ	4014	;# 
   160   000FAF                     SPBRG           equ	4015	;# 
   161   000FAF                     SPBRG1          equ	4015	;# 
   162   000FB0                     SPBRGH          equ	4016	;# 
   163   000FB1                     T3CON           equ	4017	;# 
   164   000FB2                     TMR3            equ	4018	;# 
   165   000FB2                     TMR3L           equ	4018	;# 
   166   000FB3                     TMR3H           equ	4019	;# 
   167   000FB4                     CMCON           equ	4020	;# 
   168   000FB5                     CVRCON          equ	4021	;# 
   169   000FB6                     ECCP1AS         equ	4022	;# 
   170   000FB6                     CCP1AS          equ	4022	;# 
   171   000FB7                     ECCP1DEL        equ	4023	;# 
   172   000FB7                     CCP1DEL         equ	4023	;# 
   173   000FB8                     BAUDCON         equ	4024	;# 
   174   000FB8                     BAUDCTL         equ	4024	;# 
   175   000FBA                     CCP2CON         equ	4026	;# 
   176   000FBB                     CCPR2           equ	4027	;# 
   177   000FBB                     CCPR2L          equ	4027	;# 
   178   000FBC                     CCPR2H          equ	4028	;# 
   179   000FBD                     CCP1CON         equ	4029	;# 
   180   000FBD                     ECCP1CON        equ	4029	;# 
   181   000FBE                     CCPR1           equ	4030	;# 
   182   000FBE                     CCPR1L          equ	4030	;# 
   183   000FBF                     CCPR1H          equ	4031	;# 
   184   000FC0                     ADCON2          equ	4032	;# 
   185   000FC1                     ADCON1          equ	4033	;# 
   186   000FC2                     ADCON0          equ	4034	;# 
   187   000FC3                     ADRES           equ	4035	;# 
   188   000FC3                     ADRESL          equ	4035	;# 
   189   000FC4                     ADRESH          equ	4036	;# 
   190   000FC5                     SSPCON2         equ	4037	;# 
   191   000FC6                     SSPCON1         equ	4038	;# 
   192   000FC7                     SSPSTAT         equ	4039	;# 
   193   000FC8                     SSPADD          equ	4040	;# 
   194   000FC9                     SSPBUF          equ	4041	;# 
   195   000FCA                     T2CON           equ	4042	;# 
   196   000FCB                     PR2             equ	4043	;# 
   197   000FCB                     MEMCON          equ	4043	;# 
   198   000FCC                     TMR2            equ	4044	;# 
   199   000FCD                     T1CON           equ	4045	;# 
   200   000FCE                     TMR1            equ	4046	;# 
   201   000FCE                     TMR1L           equ	4046	;# 
   202   000FCF                     TMR1H           equ	4047	;# 
   203   000FD0                     RCON            equ	4048	;# 
   204   000FD1                     WDTCON          equ	4049	;# 
   205   000FD2                     HLVDCON         equ	4050	;# 
   206   000FD2                     LVDCON          equ	4050	;# 
   207   000FD3                     OSCCON          equ	4051	;# 
   208   000FD5                     T0CON           equ	4053	;# 
   209   000FD6                     TMR0            equ	4054	;# 
   210   000FD6                     TMR0L           equ	4054	;# 
   211   000FD7                     TMR0H           equ	4055	;# 
   212   000FD8                     STATUS          equ	4056	;# 
   213   000FD9                     FSR2            equ	4057	;# 
   214   000FD9                     FSR2L           equ	4057	;# 
   215   000FDA                     FSR2H           equ	4058	;# 
   216   000FDB                     PLUSW2          equ	4059	;# 
   217   000FDC                     PREINC2         equ	4060	;# 
   218   000FDD                     POSTDEC2        equ	4061	;# 
   219   000FDE                     POSTINC2        equ	4062	;# 
   220   000FDF                     INDF2           equ	4063	;# 
   221   000FE0                     BSR             equ	4064	;# 
   222   000FE1                     FSR1            equ	4065	;# 
   223   000FE1                     FSR1L           equ	4065	;# 
   224   000FE2                     FSR1H           equ	4066	;# 
   225   000FE3                     PLUSW1          equ	4067	;# 
   226   000FE4                     PREINC1         equ	4068	;# 
   227   000FE5                     POSTDEC1        equ	4069	;# 
   228   000FE6                     POSTINC1        equ	4070	;# 
   229   000FE7                     INDF1           equ	4071	;# 
   230   000FE8                     WREG            equ	4072	;# 
   231   000FE9                     FSR0            equ	4073	;# 
   232   000FE9                     FSR0L           equ	4073	;# 
   233   000FEA                     FSR0H           equ	4074	;# 
   234   000FEB                     PLUSW0          equ	4075	;# 
   235   000FEC                     PREINC0         equ	4076	;# 
   236   000FED                     POSTDEC0        equ	4077	;# 
   237   000FEE                     POSTINC0        equ	4078	;# 
   238   000FEF                     INDF0           equ	4079	;# 
   239   000FF0                     INTCON3         equ	4080	;# 
   240   000FF1                     INTCON2         equ	4081	;# 
   241   000FF2                     INTCON          equ	4082	;# 
   242   000FF3                     PROD            equ	4083	;# 
   243   000FF3                     PRODL           equ	4083	;# 
   244   000FF4                     PRODH           equ	4084	;# 
   245   000FF5                     TABLAT          equ	4085	;# 
   246   000FF6                     TBLPTR          equ	4086	;# 
   247   000FF6                     TBLPTRL         equ	4086	;# 
   248   000FF7                     TBLPTRH         equ	4087	;# 
   249   000FF8                     TBLPTRU         equ	4088	;# 
   250   000FF9                     PCLAT           equ	4089	;# 
   251   000FF9                     PC              equ	4089	;# 
   252   000FF9                     PCL             equ	4089	;# 
   253   000FFA                     PCLATH          equ	4090	;# 
   254   000FFB                     PCLATU          equ	4091	;# 
   255   000FFC                     STKPTR          equ	4092	;# 
   256   000FFD                     TOS             equ	4093	;# 
   257   000FFD                     TOSL            equ	4093	;# 
   258   000FFE                     TOSH            equ	4094	;# 
   259   000FFF                     TOSU            equ	4095	;# 
   260                           
   261                           	psect	smallconst
   262   000800                     __psmallconst:
   263                           	callstack 0
   264   000800  00                 	db	0
   265   000801                     main@F3214:
   266                           	callstack 0
   267   000801  3F                 	db	63
   268   000802  06                 	db	6
   269   000803  5B                 	db	91
   270   000804  4F                 	db	79
   271   000805  66                 	db	102
   272   000806  6D                 	db	109
   273   000807  7D                 	db	125
   274   000808  07                 	db	7
   275   000809  7F                 	db	127
   276   00080A  67                 	db	103
   277   00080B                     __end_ofmain@F3214:
   278                           	callstack 0
   279   00080B                     main@F3216:
   280                           	callstack 0
   281   00080B  02                 	db	2
   282   00080C  03                 	db	3
   283   00080D  05                 	db	5
   284   00080E  07                 	db	7
   285   00080F                     __end_ofmain@F3216:
   286                           	callstack 0
   287   000F81                     _PORTBbits      set	3969
   288   000F89                     _LATAbits       set	3977
   289   000F8D                     _LATEbits       set	3981
   290   000F89                     _LATA           set	3977
   291   000F8C                     _LATD           set	3980
   292   000FF1                     _INTCON2bits    set	4081
   293   000FC1                     _ADCON1         set	4033
   294   000F96                     _TRISEbits      set	3990
   295   000F92                     _TRISA          set	3986
   296   000F95                     _TRISD          set	3989
   297   000F93                     _TRISB          set	3987
   298   00080F  00                 	db	0	; dummy byte at the end
   299   000800                     __smallconst    set	__psmallconst
   300   000800                     __mediumconst   set	__psmallconst
   301   000001                     __activetblptr  equ	1
   302                           
   303                           ; #config settings
   304                           
   305                           	psect	cinit
   306   0009D2                     __pcinit:
   307                           	callstack 0
   308   0009D2                     start_initialization:
   309                           	callstack 0
   310   0009D2                     __initialization:
   311                           	callstack 0
   312   0009D2                     end_of_initialization:
   313                           	callstack 0
   314   0009D2                     __end_of__initialization:
   315                           	callstack 0
   316   0009D2  0E00               	movlw	low (__Lsmallconst shr (0+16))
   317   0009D4  6EF8               	movwf	tblptru,c
   318   0009D6  0E08               	movlw	high __Lsmallconst
   319   0009D8  6EF7               	movwf	tblptrh,c
   320   0009DA  0100               	movlb	0
   321   0009DC  EF08  F004         	goto	_main	;jump to C main() function
   322                           
   323                           	psect	cstackCOMRAM
   324   000001                     __pcstackCOMRAM:
   325                           	callstack 0
   326   000001                     ??_main:
   327                           
   328                           ; 1 bytes @ 0x0
   329   000001                     	ds	1
   330   000002                     main@disp7seg:
   331                           	callstack 0
   332                           
   333                           ; 10 bytes @ 0x1
   334   000002                     	ds	10
   335   00000C                     main@primos:
   336                           	callstack 0
   337                           
   338                           ; 4 bytes @ 0xB
   339   00000C                     	ds	4
   340   000010                     main@dispAtivo:
   341                           	callstack 0
   342                           
   343                           ; 1 bytes @ 0xF
   344   000010                     	ds	1
   345   000011                     main@indice:
   346                           	callstack 0
   347                           
   348                           ; 1 bytes @ 0x10
   349   000011                     	ds	1
   350                           
   351 ;;
   352 ;;Main: autosize = 0, tempsize = 1, incstack = 0, save=0
   353 ;;
   354 ;; *************** function _main *****************
   355 ;; Defined at:
   356 ;;		line 15 in file "newmain.c"
   357 ;; Parameters:    Size  Location     Type
   358 ;;		None
   359 ;; Auto vars:     Size  Location     Type
   360 ;;  disp7seg       10    1[COMRAM] const unsigned char [10]
   361 ;;  primos          4   11[COMRAM] const unsigned char [4]
   362 ;;  indice          1   16[COMRAM] unsigned char 
   363 ;;  dispAtivo       1   15[COMRAM] unsigned char 
   364 ;; Return value:  Size  Location     Type
   365 ;;                  1    wreg      void 
   366 ;; Registers used:
   367 ;;		wreg, fsr2l, fsr2h, status,2, status,0, tblptrl, tblptrh, tblptru
   368 ;; Tracked objects:
   369 ;;		On entry : 0/0
   370 ;;		On exit  : 0/0
   371 ;;		Unchanged: 0/0
   372 ;; Data sizes:     COMRAM   BANK0   BANK1   BANK2   BANK3   BANK4   BANK5   BANK6   BANK7
   373 ;;      Params:         0       0       0       0       0       0       0       0       0
   374 ;;      Locals:        16       0       0       0       0       0       0       0       0
   375 ;;      Temps:          1       0       0       0       0       0       0       0       0
   376 ;;      Totals:        17       0       0       0       0       0       0       0       0
   377 ;;Total ram usage:       17 bytes
   378 ;; This function calls:
   379 ;;		Nothing
   380 ;; This function is called by:
   381 ;;		Startup code after reset
   382 ;; This function uses a non-reentrant model
   383 ;;
   384                           
   385                           	psect	text0
   386   000810                     __ptext0:
   387                           	callstack 0
   388   000810                     _main:
   389                           	callstack 31
   390   000810                     
   391                           ;newmain.c: 17:                       0b01111111,
   392   000810  6A11               	clrf	main@indice^0,c
   393   000812  6A10               	clrf	main@dispAtivo^0,c
   394   000814                     
   395                           ;newmain.c: 19: 
   396   000814  0E01               	movlw	low main@F3214
   397   000816  6EF6               	movwf	tblptrl,c
   398   000818                     	if	0	;There is only one active tblptr byte
   399   000818                     	endif
   400   000818                     	if	0	;There are less than 3 active tblptr bytes
   401   000818                     	endif
   402   000818  EE20  F002         	lfsr	2,main@disp7seg
   403   00081C  0E09               	movlw	9
   404   00081E                     u10:
   405   00081E  0009               	tblrd		*+
   406   000820  CFF5 FFDE          	movff	tablat,postinc2
   407   000824  06E8               	decf	wreg,f,c
   408   000826  E2FB               	bc	u10
   409   000828                     
   410                           ;newmain.c: 31:    LATA = 0x00;
   411   000828  0E0B               	movlw	low main@F3216
   412   00082A  6EF6               	movwf	tblptrl,c
   413   00082C                     	if	0	;There is only one active tblptr byte
   414   00082C                     	endif
   415   00082C                     	if	0	;There are less than 3 active tblptr bytes
   416   00082C                     	endif
   417   00082C  0009               	tblrd		*+
   418   00082E  CFF5 F00C          	movff	tablat,main@primos
   419   000832  0009               	tblrd		*+
   420   000834  CFF5 F00D          	movff	tablat,main@primos+1
   421   000838  0009               	tblrd		*+
   422   00083A  CFF5 F00E          	movff	tablat,main@primos+2
   423   00083E  000A               	tblrd		*-
   424   000840  CFF5 F00F          	movff	tablat,main@primos+3
   425   000844                     
   426                           ;newmain.c: 33:    LATEbits.LATE2 = 0;
   427   000844  0E07               	movlw	7
   428   000846  6E93               	movwf	147,c	;volatile
   429   000848                     
   430                           ;newmain.c: 34: 
   431   000848  6A95               	clrf	149,c	;volatile
   432   00084A                     
   433                           ;newmain.c: 35:    while(1){
   434   00084A  6A92               	clrf	146,c	;volatile
   435   00084C                     
   436                           ;newmain.c: 36: 
   437   00084C  9096               	bcf	150,0,c	;volatile
   438   00084E                     
   439                           ;newmain.c: 37:         LATD = disp7seg[primos[indice]];
   440   00084E  9496               	bcf	150,2,c	;volatile
   441   000850                     
   442                           ;newmain.c: 38: 
   443   000850  0E0F               	movlw	15
   444   000852  6EC1               	movwf	193,c	;volatile
   445   000854                     
   446                           ;newmain.c: 39:         LATAbits.LATA5 = 0;
   447   000854  9EF1               	bcf	241,7,c	;volatile
   448   000856                     
   449                           ;newmain.c: 41:         LATEbits.LATE0 = 0;
   450   000856  500C               	movf	main@primos^0,w,c
   451   000858  0F02               	addlw	low main@disp7seg
   452   00085A  6ED9               	movwf	fsr2l,c
   453   00085C  6ADA               	clrf	fsr2h,c
   454   00085E  50DF               	movf	indf2,w,c
   455   000860  6E8C               	movwf	140,c	;volatile
   456   000862                     
   457                           ;newmain.c: 42:         LATEbits.LATE2 = 0;
   458   000862  6A89               	clrf	137,c	;volatile
   459   000864                     
   460                           ;newmain.c: 43: 
   461   000864  908D               	bcf	141,0,c	;volatile
   462   000866                     
   463                           ;newmain.c: 44:         if(dispAtivo == 0)
   464   000866  948D               	bcf	141,2,c	;volatile
   465   000868                     l877:
   466                           
   467                           ;newmain.c: 48:         else if(dispAtivo == 2)
   468   000868  5011               	movf	main@indice^0,w,c
   469   00086A  0F0C               	addlw	low main@primos
   470   00086C  6ED9               	movwf	fsr2l,c
   471   00086E  6ADA               	clrf	fsr2h,c
   472   000870  50DF               	movf	indf2,w,c
   473   000872  6E01               	movwf	??_main^0,c
   474   000874  5001               	movf	??_main^0,w,c
   475   000876  0F02               	addlw	low main@disp7seg
   476   000878  6ED9               	movwf	fsr2l,c
   477   00087A  6ADA               	clrf	fsr2h,c
   478   00087C  50DF               	movf	indf2,w,c
   479   00087E  6E8C               	movwf	140,c	;volatile
   480   000880                     
   481                           ;newmain.c: 50:         else
   482   000880  9A89               	bcf	137,5,c	;volatile
   483   000882                     
   484                           ;newmain.c: 51:             LATEbits.LATE2 = 1;
   485   000882  9489               	bcf	137,2,c	;volatile
   486   000884                     
   487                           ;newmain.c: 52: 
   488   000884  908D               	bcf	141,0,c	;volatile
   489   000886                     
   490                           ;newmain.c: 53: 
   491   000886  948D               	bcf	141,2,c	;volatile
   492   000888                     
   493                           ;newmain.c: 55:             _delay((unsigned long)((25)*(20000000/4000.0)));
   494   000888  5010               	movf	main@dispAtivo^0,w,c
   495   00088A  A4D8               	btfss	status,2,c
   496   00088C  EF4A  F004         	goto	u21
   497   000890  EF4C  F004         	goto	u20
   498   000894                     u21:
   499   000894  EF4F  F004         	goto	l891
   500   000898                     u20:
   501   000898                     
   502                           ;newmain.c: 56:             if(PORTBbits.RB1 == 0){
   503   000898  8A89               	bsf	137,5,c	;volatile
   504   00089A  EF67  F004         	goto	l35
   505   00089E                     l891:
   506   00089E  0410               	decf	main@dispAtivo^0,w,c
   507   0008A0  A4D8               	btfss	status,2,c
   508   0008A2  EF55  F004         	goto	u31
   509   0008A6  EF57  F004         	goto	u30
   510   0008AA                     u31:
   511   0008AA  EF5A  F004         	goto	l895
   512   0008AE                     u30:
   513   0008AE                     
   514                           ;newmain.c: 58:                     indice = 0;
   515   0008AE  8489               	bsf	137,2,c	;volatile
   516   0008B0  EF67  F004         	goto	l35
   517   0008B4                     l895:
   518   0008B4  0E02               	movlw	2
   519   0008B6  1810               	xorwf	main@dispAtivo^0,w,c
   520   0008B8  A4D8               	btfss	status,2,c
   521   0008BA  EF61  F004         	goto	u41
   522   0008BE  EF63  F004         	goto	u40
   523   0008C2                     u41:
   524   0008C2  EF66  F004         	goto	l38
   525   0008C6                     u40:
   526   0008C6                     
   527                           ;newmain.c: 60:                     indice += 1;
   528   0008C6  808D               	bsf	141,0,c	;volatile
   529   0008C8  EF67  F004         	goto	l35
   530   0008CC                     l38:
   531                           
   532                           ;newmain.c: 62:             }
   533   0008CC  848D               	bsf	141,2,c	;volatile
   534   0008CE                     l35:
   535                           
   536                           ;newmain.c: 65: 
   537   0008CE  B281               	btfsc	129,1,c	;volatile
   538   0008D0  EF6C  F004         	goto	u51
   539   0008D4  EF6E  F004         	goto	u50
   540   0008D8                     u51:
   541   0008D8  EF91  F004         	goto	l40
   542   0008DC                     u50:
   543   0008DC                     
   544                           ;newmain.c: 66:         if(PORTBbits.RB2 == 0){
   545   0008DC  0EA3               	movlw	163
   546   0008DE  6E01               	movwf	??_main^0,c
   547   0008E0  0E55               	movlw	85
   548   0008E2                     u177:
   549   0008E2  2EE8               	decfsz	wreg,f,c
   550   0008E4  D7FE               	bra	u177
   551   0008E6  2E01               	decfsz	??_main^0,f,c
   552   0008E8  D7FC               	bra	u177
   553   0008EA  0000               	nop	
   554   0008EC                     
   555                           ;newmain.c: 67:             _delay((unsigned long)((25)*(20000000/4000.0)));
   556   0008EC  B281               	btfsc	129,1,c	;volatile
   557   0008EE  EF7B  F004         	goto	u61
   558   0008F2  EF7D  F004         	goto	u60
   559   0008F6                     u61:
   560   0008F6  EF91  F004         	goto	l40
   561   0008FA                     u60:
   562   0008FA                     
   563                           ;newmain.c: 68:             if(PORTBbits.RB2 == 0){
   564   0008FA  0E03               	movlw	3
   565   0008FC  1811               	xorwf	main@indice^0,w,c
   566   0008FE  A4D8               	btfss	status,2,c
   567   000900  EF84  F004         	goto	u71
   568   000904  EF86  F004         	goto	u70
   569   000908                     u71:
   570   000908  EF89  F004         	goto	l907
   571   00090C                     u70:
   572   00090C                     
   573                           ;newmain.c: 69:                 if(indice == 0)
   574   00090C  6A11               	clrf	main@indice^0,c
   575   00090E  EF8A  F004         	goto	l44
   576   000912                     l907:
   577                           
   578                           ;newmain.c: 71:                 else
   579   000912  2A11               	incf	main@indice^0,f,c
   580   000914                     l44:
   581   000914  A281               	btfss	129,1,c	;volatile
   582   000916  EF8F  F004         	goto	u81
   583   00091A  EF91  F004         	goto	u80
   584   00091E                     u81:
   585   00091E  EF8A  F004         	goto	l44
   586   000922                     u80:
   587   000922                     l40:
   588                           
   589                           ;newmain.c: 77: 
   590   000922  B481               	btfsc	129,2,c	;volatile
   591   000924  EF96  F004         	goto	u91
   592   000928  EF98  F004         	goto	u90
   593   00092C                     u91:
   594   00092C  EFBB  F004         	goto	l47
   595   000930                     u90:
   596   000930                     
   597                           ;newmain.c: 78:         if(PORTBbits.RB0 == 0){
   598   000930  0EA3               	movlw	163
   599   000932  6E01               	movwf	??_main^0,c
   600   000934  0E55               	movlw	85
   601   000936                     u187:
   602   000936  2EE8               	decfsz	wreg,f,c
   603   000938  D7FE               	bra	u187
   604   00093A  2E01               	decfsz	??_main^0,f,c
   605   00093C  D7FC               	bra	u187
   606   00093E  0000               	nop	
   607   000940                     
   608                           ;newmain.c: 79:             _delay((unsigned long)((25)*(20000000/4000.0)));
   609   000940  B481               	btfsc	129,2,c	;volatile
   610   000942  EFA5  F004         	goto	u101
   611   000946  EFA7  F004         	goto	u100
   612   00094A                     u101:
   613   00094A  EFBB  F004         	goto	l47
   614   00094E                     u100:
   615   00094E                     
   616                           ;newmain.c: 80:             if(PORTBbits.RB0 == 0){
   617   00094E  5011               	movf	main@indice^0,w,c
   618   000950  A4D8               	btfss	status,2,c
   619   000952  EFAD  F004         	goto	u111
   620   000956  EFAF  F004         	goto	u110
   621   00095A                     u111:
   622   00095A  EFB3  F004         	goto	l917
   623   00095E                     u110:
   624   00095E                     
   625                           ;newmain.c: 81:                 if(dispAtivo == 3)
   626   00095E  0E03               	movlw	3
   627   000960  6E11               	movwf	main@indice^0,c
   628   000962  EFB4  F004         	goto	l51
   629   000966                     l917:
   630                           
   631                           ;newmain.c: 83:                 else
   632   000966  0611               	decf	main@indice^0,f,c
   633   000968                     l51:
   634   000968  A481               	btfss	129,2,c	;volatile
   635   00096A  EFB9  F004         	goto	u121
   636   00096E  EFBB  F004         	goto	u120
   637   000972                     u121:
   638   000972  EFB4  F004         	goto	l51
   639   000976                     u120:
   640   000976                     l47:
   641                           
   642                           ;newmain.c: 89: }
   643   000976  B081               	btfsc	129,0,c	;volatile
   644   000978  EFC0  F004         	goto	u131
   645   00097C  EFC2  F004         	goto	u130
   646   000980                     u131:
   647   000980  EF34  F004         	goto	l877
   648   000984                     u130:
   649   000984  0EA3               	movlw	163
   650   000986  6E01               	movwf	??_main^0,c
   651   000988  0E55               	movlw	85
   652   00098A                     u197:
   653   00098A  2EE8               	decfsz	wreg,f,c
   654   00098C  D7FE               	bra	u197
   655   00098E  2E01               	decfsz	??_main^0,f,c
   656   000990  D7FC               	bra	u197
   657   000992  0000               	nop	
   658   000994  B081               	btfsc	129,0,c	;volatile
   659   000996  EFCF  F004         	goto	u141
   660   00099A  EFD1  F004         	goto	u140
   661   00099E                     u141:
   662   00099E  EF34  F004         	goto	l877
   663   0009A2                     u140:
   664   0009A2  0E03               	movlw	3
   665   0009A4  1810               	xorwf	main@dispAtivo^0,w,c
   666   0009A6  A4D8               	btfss	status,2,c
   667   0009A8  EFD8  F004         	goto	u151
   668   0009AC  EFDA  F004         	goto	u150
   669   0009B0                     u151:
   670   0009B0  EFDD  F004         	goto	l927
   671   0009B4                     u150:
   672   0009B4  6A10               	clrf	main@dispAtivo^0,c
   673   0009B6  EFDE  F004         	goto	l58
   674   0009BA                     l927:
   675   0009BA  2A10               	incf	main@dispAtivo^0,f,c
   676   0009BC                     l58:
   677   0009BC  A081               	btfss	129,0,c	;volatile
   678   0009BE  EFE3  F004         	goto	u161
   679   0009C2  EFE5  F004         	goto	u160
   680   0009C6                     u161:
   681   0009C6  EFDE  F004         	goto	l58
   682   0009CA                     u160:
   683   0009CA  EF34  F004         	goto	l877
   684   0009CE  EFFE  F03F         	goto	start
   685   0009D2                     __end_of_main:
   686                           	callstack 0
   687                           
   688                           	psect	rparam
   689   000001                     ___rparam_used  equ	1
   690   000000                     ___param_bank   equ	0
   691   000000                     __Lparam        equ	__Lrparam
   692   000000                     __Hparam        equ	__Hrparam
   693                           
   694                           	psect	idloc
   695                           
   696                           ;Config register IDLOC0 @ 0x200000
   697                           ;	unspecified, using default values
   698   200000                     	org	2097152
   699   200000  FF                 	db	255
   700                           
   701                           ;Config register IDLOC1 @ 0x200001
   702                           ;	unspecified, using default values
   703   200001                     	org	2097153
   704   200001  FF                 	db	255
   705                           
   706                           ;Config register IDLOC2 @ 0x200002
   707                           ;	unspecified, using default values
   708   200002                     	org	2097154
   709   200002  FF                 	db	255
   710                           
   711                           ;Config register IDLOC3 @ 0x200003
   712                           ;	unspecified, using default values
   713   200003                     	org	2097155
   714   200003  FF                 	db	255
   715                           
   716                           ;Config register IDLOC4 @ 0x200004
   717                           ;	unspecified, using default values
   718   200004                     	org	2097156
   719   200004  FF                 	db	255
   720                           
   721                           ;Config register IDLOC5 @ 0x200005
   722                           ;	unspecified, using default values
   723   200005                     	org	2097157
   724   200005  FF                 	db	255
   725                           
   726                           ;Config register IDLOC6 @ 0x200006
   727                           ;	unspecified, using default values
   728   200006                     	org	2097158
   729   200006  FF                 	db	255
   730                           
   731                           ;Config register IDLOC7 @ 0x200007
   732                           ;	unspecified, using default values
   733   200007                     	org	2097159
   734   200007  FF                 	db	255
   735                           
   736                           	psect	config
   737                           
   738                           ;Config register CONFIG1L @ 0x300000
   739                           ;	PLL Prescaler Selection bits
   740                           ;	PLLDIV = 0x0, unprogrammed default
   741                           ;	System Clock Postscaler Selection bits
   742                           ;	CPUDIV = OSC1_PLL2, [Primary Oscillator Src: /1][96 MHz PLL Src: /2]
   743                           ;	USB Clock Selection bit (used in Full-Speed USB mode only; UCFG:FSEN = 1)
   744                           ;	USBDIV = 0x0, unprogrammed default
   745   300000                     	org	3145728
   746   300000  00                 	db	0
   747                           
   748                           ;Config register CONFIG1H @ 0x300001
   749                           ;	Oscillator Selection bits
   750                           ;	FOSC = HS, HS oscillator (HS)
   751                           ;	Fail-Safe Clock Monitor Enable bit
   752                           ;	FCMEN = 0x0, unprogrammed default
   753                           ;	Internal/External Oscillator Switchover bit
   754                           ;	IESO = 0x0, unprogrammed default
   755   300001                     	org	3145729
   756   300001  0C                 	db	12
   757                           
   758                           ;Config register CONFIG2L @ 0x300002
   759                           ;	unspecified, using default values
   760                           ;	Power-up Timer Enable bit
   761                           ;	PWRT = 0x1, unprogrammed default
   762                           ;	Brown-out Reset Enable bits
   763                           ;	BOR = 0x3, unprogrammed default
   764                           ;	Brown-out Reset Voltage bits
   765                           ;	BORV = 0x3, unprogrammed default
   766                           ;	USB Voltage Regulator Enable bit
   767                           ;	VREGEN = 0x0, unprogrammed default
   768   300002                     	org	3145730
   769   300002  1F                 	db	31
   770                           
   771                           ;Config register CONFIG2H @ 0x300003
   772                           ;	Watchdog Timer Enable bit
   773                           ;	WDT = OFF, WDT disabled (control is placed on the SWDTEN bit)
   774                           ;	Watchdog Timer Postscale Select bits
   775                           ;	WDTPS = 0xF, unprogrammed default
   776   300003                     	org	3145731
   777   300003  1E                 	db	30
   778                           
   779                           ; Padding undefined space
   780   300004                     	org	3145732
   781   300004  FF                 	db	255
   782                           
   783                           ;Config register CONFIG3H @ 0x300005
   784                           ;	CCP2 MUX bit
   785                           ;	CCP2MX = 0x1, unprogrammed default
   786                           ;	PORTB A/D Enable bit
   787                           ;	PBADEN = OFF, PORTB<4:0> pins are configured as digital I/O on Reset
   788                           ;	Low-Power Timer 1 Oscillator Enable bit
   789                           ;	LPT1OSC = 0x0, unprogrammed default
   790                           ;	MCLR Pin Enable bit
   791                           ;	MCLRE = 0x1, unprogrammed default
   792   300005                     	org	3145733
   793   300005  81                 	db	129
   794                           
   795                           ;Config register CONFIG4L @ 0x300006
   796                           ;	Stack Full/Underflow Reset Enable bit
   797                           ;	STVREN = 0x1, unprogrammed default
   798                           ;	Single-Supply ICSP Enable bit
   799                           ;	LVP = OFF, Single-Supply ICSP disabled
   800                           ;	Dedicated In-Circuit Debug/Programming Port (ICPORT) Enable bit
   801                           ;	ICPRT = 0x0, unprogrammed default
   802                           ;	Extended Instruction Set Enable bit
   803                           ;	XINST = 0x0, unprogrammed default
   804                           ;	Background Debugger Enable bit
   805                           ;	DEBUG = 0x1, unprogrammed default
   806   300006                     	org	3145734
   807   300006  81                 	db	129
   808                           
   809                           ; Padding undefined space
   810   300007                     	org	3145735
   811   300007  FF                 	db	255
   812                           
   813                           ;Config register CONFIG5L @ 0x300008
   814                           ;	unspecified, using default values
   815                           ;	Code Protection bit
   816                           ;	CP0 = 0x1, unprogrammed default
   817                           ;	Code Protection bit
   818                           ;	CP1 = 0x1, unprogrammed default
   819                           ;	Code Protection bit
   820                           ;	CP2 = 0x1, unprogrammed default
   821                           ;	Code Protection bit
   822                           ;	CP3 = 0x1, unprogrammed default
   823   300008                     	org	3145736
   824   300008  0F                 	db	15
   825                           
   826                           ;Config register CONFIG5H @ 0x300009
   827                           ;	unspecified, using default values
   828                           ;	Boot Block Code Protection bit
   829                           ;	CPB = 0x1, unprogrammed default
   830                           ;	Data EEPROM Code Protection bit
   831                           ;	CPD = 0x1, unprogrammed default
   832   300009                     	org	3145737
   833   300009  C0                 	db	192
   834                           
   835                           ;Config register CONFIG6L @ 0x30000A
   836                           ;	unspecified, using default values
   837                           ;	Write Protection bit
   838                           ;	WRT0 = 0x1, unprogrammed default
   839                           ;	Write Protection bit
   840                           ;	WRT1 = 0x1, unprogrammed default
   841                           ;	Write Protection bit
   842                           ;	WRT2 = 0x1, unprogrammed default
   843                           ;	Write Protection bit
   844                           ;	WRT3 = 0x1, unprogrammed default
   845   30000A                     	org	3145738
   846   30000A  0F                 	db	15
   847                           
   848                           ;Config register CONFIG6H @ 0x30000B
   849                           ;	unspecified, using default values
   850                           ;	Configuration Register Write Protection bit
   851                           ;	WRTC = 0x1, unprogrammed default
   852                           ;	Boot Block Write Protection bit
   853                           ;	WRTB = 0x1, unprogrammed default
   854                           ;	Data EEPROM Write Protection bit
   855                           ;	WRTD = 0x1, unprogrammed default
   856   30000B                     	org	3145739
   857   30000B  E0                 	db	224
   858                           
   859                           ;Config register CONFIG7L @ 0x30000C
   860                           ;	unspecified, using default values
   861                           ;	Table Read Protection bit
   862                           ;	EBTR0 = 0x1, unprogrammed default
   863                           ;	Table Read Protection bit
   864                           ;	EBTR1 = 0x1, unprogrammed default
   865                           ;	Table Read Protection bit
   866                           ;	EBTR2 = 0x1, unprogrammed default
   867                           ;	Table Read Protection bit
   868                           ;	EBTR3 = 0x1, unprogrammed default
   869   30000C                     	org	3145740
   870   30000C  0F                 	db	15
   871                           
   872                           ;Config register CONFIG7H @ 0x30000D
   873                           ;	unspecified, using default values
   874                           ;	Boot Block Table Read Protection bit
   875                           ;	EBTRB = 0x1, unprogrammed default
   876   30000D                     	org	3145741
   877   30000D  40                 	db	64
   878                           tosu	equ	0xFFF
   879                           tosh	equ	0xFFE
   880                           tosl	equ	0xFFD
   881                           stkptr	equ	0xFFC
   882                           pclatu	equ	0xFFB
   883                           pclath	equ	0xFFA
   884                           pcl	equ	0xFF9
   885                           tblptru	equ	0xFF8
   886                           tblptrh	equ	0xFF7
   887                           tblptrl	equ	0xFF6
   888                           tablat	equ	0xFF5
   889                           prodh	equ	0xFF4
   890                           prodl	equ	0xFF3
   891                           indf0	equ	0xFEF
   892                           postinc0	equ	0xFEE
   893                           postdec0	equ	0xFED
   894                           preinc0	equ	0xFEC
   895                           plusw0	equ	0xFEB
   896                           fsr0h	equ	0xFEA
   897                           fsr0l	equ	0xFE9
   898                           wreg	equ	0xFE8
   899                           indf1	equ	0xFE7
   900                           postinc1	equ	0xFE6
   901                           postdec1	equ	0xFE5
   902                           preinc1	equ	0xFE4
   903                           plusw1	equ	0xFE3
   904                           fsr1h	equ	0xFE2
   905                           fsr1l	equ	0xFE1
   906                           bsr	equ	0xFE0
   907                           indf2	equ	0xFDF
   908                           postinc2	equ	0xFDE
   909                           postdec2	equ	0xFDD
   910                           preinc2	equ	0xFDC
   911                           plusw2	equ	0xFDB
   912                           fsr2h	equ	0xFDA
   913                           fsr2l	equ	0xFD9
   914                           status	equ	0xFD8

Data Sizes:
    Strings     0
    Constant    14
    Data        0
    BSS         0
    Persistent  0
    Stack       0

Auto Spaces:
    Space          Size  Autos    Used
    COMRAM           95     17      17
    BANK0           160      0       0
    BANK1           256      0       0
    BANK2           256      0       0
    BANK3           256      0       0
    BANK4           256      0       0
    BANK5           256      0       0
    BANK6           256      0       0
    BANK7           256      0       0

Pointer List with Targets:

    None.

Critical Paths under _main in COMRAM

    None.

Critical Paths under _main in BANK0

    None.

Critical Paths under _main in BANK1

    None.

Critical Paths under _main in BANK2

    None.

Critical Paths under _main in BANK3

    None.

Critical Paths under _main in BANK4

    None.

Critical Paths under _main in BANK5

    None.

Critical Paths under _main in BANK6

    None.

Critical Paths under _main in BANK7

    None.

Call Graph Tables:

 ---------------------------------------------------------------------------------
 (Depth) Function   	        Calls       Base Space   Used Autos Params    Refs
 ---------------------------------------------------------------------------------
 (0) _main                                                17    17      0     180
                                              0 COMRAM    17    17      0
 ---------------------------------------------------------------------------------
 Estimated maximum stack depth 0
 ---------------------------------------------------------------------------------

 Call Graph Graphs:

 _main (ROOT)

Address spaces:
Name               Size   Autos  Total    Usage
BITCOMRAM           95      0       0      0.0%
BITBANK0           160      0       0      0.0%
BITBANK1           256      0       0      0.0%
BITBANK2           256      0       0      0.0%
BITBANK3           256      0       0      0.0%
BITBANK4           256      0       0      0.0%
BITBANK5           256      0       0      0.0%
BITBANK6           256      0       0      0.0%
BITBANK7           256      0       0      0.0%
BITBIGSFRh         126      0       0      0.0%
BITBIGSFRl          33      0       0      0.0%
COMRAM              95     17      17     17.9%
BANK0              160      0       0      0.0%
BANK1              256      0       0      0.0%
BANK2              256      0       0      0.0%
BANK3              256      0       0      0.0%
BANK4              256      0       0      0.0%
BANK5              256      0       0      0.0%
BANK6              256      0       0      0.0%
BANK7              256      0       0      0.0%
BIGRAM            2047      0       0      0.0%
STACK                0      0       0      0.0%
DATA                 0      0      17      0.0%


Microchip Technology PIC18 Macro Assembler V3.10 build 20250813170317 
Symbol Table                                                                                   Thu Jun 25 10:47:48 2026

                     l40 0922                       l51 0968                       l35 08CE  
                     l44 0914                       l38 08CC                       l47 0976  
                     l58 09BC                       u10 081E                       u20 0898  
                     u21 0894                       u30 08AE                       u31 08AA  
                     u40 08C6                       u41 08C2                       u50 08DC  
                     u51 08D8                       u60 08FA                       u61 08F6  
                     u70 090C                       u71 0908                       u80 0922  
                     u81 091E                       u90 0930                       u91 092C  
                    l901 08EC                      l911 0940                      l903 08FA  
                    l921 0994                      l913 094E                      l905 090C  
                    l923 09A2                      l915 095E                      l907 0912  
                    l851 0814                      l925 09B4                      l917 0966  
                    l909 0930                      l861 084C                      l853 0828  
                    l927 09BA                      l919 0984                      l871 0862  
                    l863 084E                      l855 0844                      l881 0882  
                    l873 0864                      l865 0850                      l857 0848  
                    l849 0810                      l891 089E                      l883 0884  
                    l875 0866                      l867 0854                      l859 084A  
                    l893 08AE                      l885 0886                      l877 0868  
                    l869 0856                      l895 08B4                      l887 0888  
                    l879 0880                      l897 08C6                      l889 0898  
                    l899 08DC                      u100 094E                      u101 094A  
                    u110 095E                      u111 095A                      u120 0976  
                    u121 0972                      u130 0984                      u131 0980  
                    u140 09A2                      u141 099E                      u150 09B4  
                    u151 09B0                      u160 09CA                      u161 09C6  
                    u177 08E2                      u187 0936                      u197 098A  
                    wreg 0FE8                     _LATA 0F89                     _LATD 0F8C  
                   _main 0810                     fsr2h 0FDA                     indf2 0FDF  
                   fsr2l 0FD9                     start 7FFC             ___param_bank 0000  
           main@disp7seg 0002                    ?_main 0001                    _TRISA 0F92  
                  _TRISB 0F93                    _TRISD 0F95                    tablat 0FF5  
                  status 0FD8          __initialization 09D2             __end_of_main 09D2  
                 ??_main 0001            __activetblptr 0001            main@dispAtivo 0010  
                 _ADCON1 0FC1                   isa$std 0001             __mediumconst 0800  
                 tblptrh 0FF7                   tblptrl 0FF6                   tblptru 0FF8  
             __accesstop 0060  __end_of__initialization 09D2            ___rparam_used 0001  
         __pcstackCOMRAM 0001                  __Hparam 0000                  __Lparam 0000  
           __psmallconst 0800                  __pcinit 09D2                  __ramtop 0800  
                __ptext0 0810     end_of_initialization 09D2        __end_ofmain@F3214 080B  
      __end_ofmain@F3216 080F                  postinc2 0FDE                _PORTBbits 0F81  
              _TRISEbits 0F96               main@indice 0011               main@primos 000C  
    start_initialization 09D2              __smallconst 0800                 _LATAbits 0F89  
               _LATEbits 0F8D                main@F3214 0801                main@F3216 080B  
            _INTCON2bits 0FF1                 __Hrparam 0000                 __Lrparam 0000  
           __Lsmallconst 0800                 isa$xinst 0000  
